[Sun Jan  4 21:00:51 2026] running mktexlsr
[Sun Jan  4 21:00:51 2026] success, output:
mktexlsr: Updating C:/Users/hp/AppData/Roaming/TinyTeX/texmf-local/ls-R...
mktexlsr: Updated C:/Users/hp/AppData/Roaming/TinyTeX/texmf-local/ls-R.
mktexlsr: Updating C:/Users/hp/AppData/Roaming/TinyTeX/texmf-config/ls-R...
mktexlsr: Updated C:/Users/hp/AppData/Roaming/TinyTeX/texmf-config/ls-R.
mktexlsr: Updating C:/Users/hp/AppData/Roaming/TinyTeX/texmf-var/ls-R...
mktexlsr: Updated C:/Users/hp/AppData/Roaming/TinyTeX/texmf-var/ls-R.
mktexlsr: Updating C:/Users/hp/AppData/Roaming/TinyTeX/texmf-dist/ls-R...
mktexlsr: Updated C:/Users/hp/AppData/Roaming/TinyTeX/texmf-dist/ls-R.
mktexlsr: Done.
--end of output of mktexlsr.

[Sun Jan  4 21:00:52 2026] running updmap-sys
[Sun Jan  4 21:00:53 2026] success, output:
updmap will read the following updmap.cfg files (in precedence order):
  c:/users/hp/appdata/roaming/tinytex/texmf-dist/web2c/updmap.cfg
updmap may write changes to the following updmap.cfg file:
  c:/users/hp/appdata/roaming/tinytex/texmf-config/web2c/updmap.cfg
dvips output dir: "c:/users/hp/appdata/roaming/tinytex/texmf-var/fonts/map/dvips/updmap"
pdftex output dir: "c:/users/hp/appdata/roaming/tinytex/texmf-var/fonts/map/pdftex/updmap"
dvipdfmx output dir: "c:/users/hp/appdata/roaming/tinytex/texmf-var/fonts/map/dvipdfmx/updmap"

updmap is creating new map files
using the following configuration:
  LW35 font names                  : URWkb (c:/users/hp/appdata/roaming/tinytex/texmf-dist/web2c/updmap.cfg)
  prefer outlines                  : true (c:/users/hp/appdata/roaming/tinytex/texmf-dist/web2c/updmap.cfg)
  texhash enabled                  : true
  download standard fonts (dvips)  : true (c:/users/hp/appdata/roaming/tinytex/texmf-dist/web2c/updmap.cfg)
  download standard fonts (pdftex) : true (c:/users/hp/appdata/roaming/tinytex/texmf-dist/web2c/updmap.cfg)
  jaEmbed replacement string       : haranoaji (c:/users/hp/appdata/roaming/tinytex/texmf-dist/web2c/updmap.cfg)
  jaVariant replacement string     : -04 (c:/users/hp/appdata/roaming/tinytex/texmf-dist/web2c/updmap.cfg)
  scEmbed replacement string       : arphic (c:/users/hp/appdata/roaming/tinytex/texmf-dist/web2c/updmap.cfg)
  tcEmbed replacement string       : arphic (c:/users/hp/appdata/roaming/tinytex/texmf-dist/web2c/updmap.cfg)
  koEmbed replacement string       : baekmuk (c:/users/hp/appdata/roaming/tinytex/texmf-dist/web2c/updmap.cfg)
  create a mapfile for pxdvi       : false (default)

Scanning for LW35 support files  [  3 files]
Scanning for MixedMap entries    [  7 files]
Scanning for KanjiMap entries    [  0 files]
Scanning for Map entries         [ 14 files]

Generating output for dvipdfmx...
Generating output for ps2pk...
Generating output for dvips...
Generating output for pdftex...

Files generated:
  c:/users/hp/appdata/roaming/tinytex/texmf-var/fonts/map/dvips/updmap:
       16077 2026-01-04 21:00:52 builtin35.map
       21551 2026-01-04 21:00:52 download35.map
       88212 2026-01-04 21:00:52 psfonts_pk.map
       94597 2026-01-04 21:00:52 psfonts_t1.map
       94592 2026-01-04 21:00:52 ps2pk.map
       94597 2026-01-04 21:00:52 psfonts.map = psfonts_t1.map
  c:/users/hp/appdata/roaming/tinytex/texmf-var/fonts/map/pdftex/updmap:
       94599 2026-01-04 21:00:52 pdftex_dl14.map
       92934 2026-01-04 21:00:52 pdftex_ndl14.map
       94599 2026-01-04 21:00:52 pdftex.map = pdftex_dl14.map
  c:/users/hp/appdata/roaming/tinytex/texmf-var/fonts/map/dvipdfmx/updmap:
         349 2026-01-04 21:00:52 kanjix.map

Transcript written on: c:/users/hp/appdata/roaming/tinytex/texmf-var/web2c/updmap.log
updmap: updating ls-R files.
--end of output of updmap-sys.

[Sun Jan  4 21:26:03 2026] running mktexlsr
[Sun Jan  4 21:26:03 2026] success, output:
mktexlsr: Updating C:/Users/hp/AppData/Roaming/TinyTeX/texmf-local/ls-R...
mktexlsr: Updated C:/Users/hp/AppData/Roaming/TinyTeX/texmf-local/ls-R.
mktexlsr: Updating C:/Users/hp/AppData/Roaming/TinyTeX/texmf-config/ls-R...
mktexlsr: Updated C:/Users/hp/AppData/Roaming/TinyTeX/texmf-config/ls-R.
mktexlsr: Updating C:/Users/hp/AppData/Roaming/TinyTeX/texmf-var/ls-R...
mktexlsr: Updated C:/Users/hp/AppData/Roaming/TinyTeX/texmf-var/ls-R.
mktexlsr: Updating C:/Users/hp/AppData/Roaming/TinyTeX/texmf-dist/ls-R...
mktexlsr: Updated C:/Users/hp/AppData/Roaming/TinyTeX/texmf-dist/ls-R.
mktexlsr: Done.
--end of output of mktexlsr.

[Sun Jan  4 21:26:03 2026] running updmap-sys
[Sun Jan  4 21:26:05 2026] success, output:
updmap will read the following updmap.cfg files (in precedence order):
  c:/users/hp/appdata/roaming/tinytex/texmf-dist/web2c/updmap.cfg
updmap may write changes to the following updmap.cfg file:
  c:/users/hp/appdata/roaming/tinytex/texmf-config/web2c/updmap.cfg
dvips output dir: "c:/users/hp/appdata/roaming/tinytex/texmf-var/fonts/map/dvips/updmap"
pdftex output dir: "c:/users/hp/appdata/roaming/tinytex/texmf-var/fonts/map/pdftex/updmap"
dvipdfmx output dir: "c:/users/hp/appdata/roaming/tinytex/texmf-var/fonts/map/dvipdfmx/updmap"

updmap is creating new map files
using the following configuration:
  LW35 font names                  : URWkb (c:/users/hp/appdata/roaming/tinytex/texmf-dist/web2c/updmap.cfg)
  prefer outlines                  : true (c:/users/hp/appdata/roaming/tinytex/texmf-dist/web2c/updmap.cfg)
  texhash enabled                  : true
  download standard fonts (dvips)  : true (c:/users/hp/appdata/roaming/tinytex/texmf-dist/web2c/updmap.cfg)
  download standard fonts (pdftex) : true (c:/users/hp/appdata/roaming/tinytex/texmf-dist/web2c/updmap.cfg)
  jaEmbed replacement string       : haranoaji (c:/users/hp/appdata/roaming/tinytex/texmf-dist/web2c/updmap.cfg)
  jaVariant replacement string     : -04 (c:/users/hp/appdata/roaming/tinytex/texmf-dist/web2c/updmap.cfg)
  scEmbed replacement string       : arphic (c:/users/hp/appdata/roaming/tinytex/texmf-dist/web2c/updmap.cfg)
  tcEmbed replacement string       : arphic (c:/users/hp/appdata/roaming/tinytex/texmf-dist/web2c/updmap.cfg)
  koEmbed replacement string       : baekmuk (c:/users/hp/appdata/roaming/tinytex/texmf-dist/web2c/updmap.cfg)
  create a mapfile for pxdvi       : false (default)

Scanning for LW35 support files  [  3 files]
Scanning for MixedMap entries    [  7 files]
Scanning for KanjiMap entries    [  0 files]
Scanning for Map entries         [ 15 files]

Generating output for dvipdfmx...
Generating output for ps2pk...
Generating output for dvips...
Generating output for pdftex...

Files generated:
  c:/users/hp/appdata/roaming/tinytex/texmf-var/fonts/map/dvips/updmap:
       16077 2026-01-04 21:26:04 builtin35.map
       21551 2026-01-04 21:26:04 download35.map
       88257 2026-01-04 21:26:04 psfonts_pk.map
       94642 2026-01-04 21:26:04 psfonts_t1.map
       94637 2026-01-04 21:26:04 ps2pk.map
       94642 2026-01-04 21:26:04 psfonts.map = psfonts_t1.map
  c:/users/hp/appdata/roaming/tinytex/texmf-var/fonts/map/pdftex/updmap:
       94644 2026-01-04 21:26:04 pdftex_dl14.map
       92979 2026-01-04 21:26:04 pdftex_ndl14.map
       94644 2026-01-04 21:26:04 pdftex.map = pdftex_dl14.map
  c:/users/hp/appdata/roaming/tinytex/texmf-var/fonts/map/dvipdfmx/updmap:
         349 2026-01-04 21:26:04 kanjix.map

Transcript written on: c:/users/hp/appdata/roaming/tinytex/texmf-var/web2c/updmap.log
updmap: updating ls-R files.
--end of output of updmap-sys.

[Sun Jan  4 21:53:51 2026] running mktexlsr
[Sun Jan  4 21:53:51 2026] success, output:
mktexlsr: Updating C:/Users/hp/AppData/Roaming/TinyTeX/texmf-local/ls-R...
mktexlsr: Updated C:/Users/hp/AppData/Roaming/TinyTeX/texmf-local/ls-R.
mktexlsr: Updating C:/Users/hp/AppData/Roaming/TinyTeX/texmf-config/ls-R...
mktexlsr: Updated C:/Users/hp/AppData/Roaming/TinyTeX/texmf-config/ls-R.
mktexlsr: Updating C:/Users/hp/AppData/Roaming/TinyTeX/texmf-var/ls-R...
mktexlsr: Updated C:/Users/hp/AppData/Roaming/TinyTeX/texmf-var/ls-R.
mktexlsr: Updating C:/Users/hp/AppData/Roaming/TinyTeX/texmf-dist/ls-R...
mktexlsr: Updated C:/Users/hp/AppData/Roaming/TinyTeX/texmf-dist/ls-R.
mktexlsr: Done.
--end of output of mktexlsr.

[Sun Jan  4 21:53:51 2026] running fmtutil-sys --byhyphen "language.dat" --no-error-if-no-engine=luametatex,luajithbtex,luajittex,mfluajit --status-file=C:\Users\hp\AppData\Local\Temp\GpC8KH6_sY\szfP_B_pPh
[Sun Jan  4 21:54:16 2026] success, output:
fmtutil: fmtutil is using the following fmtutil.cnf files (in precedence order):
fmtutil:   c:/users/hp/appdata/roaming/tinytex/texmf-dist/web2c/fmtutil.cnf
fmtutil: fmtutil is using the following fmtutil.cnf file for writing changes:
fmtutil:   c:/users/hp/appdata/roaming/tinytex/texmf-config/web2c/fmtutil.cnf
fmtutil [INFO]: writing formats under c:/users/hp/appdata/roaming/tinytex/texmf-var/web2c
fmtutil [INFO]: --- remaking pdflatex with pdftex
fmtutil: running `pdftex -ini   -jobname=pdflatex -progname=pdflatex -translate-file=cp227.tcx *pdflatex.ini' ...
This is pdfTeX, Version 3.141592653-2.6-1.40.28 (TeX Live 2025) (INITEX)
 restricted \write18 enabled.
 (c:/Users/hp/AppData/Roaming/TinyTeX/texmf-dist/web2c/cp227.tcx)
entering extended mode
(c:/Users/hp/AppData/Roaming/TinyTeX/texmf-dist/tex/latex/tex-ini-files/pdflatex.ini (c:/Users/hp/AppData/Roaming/TinyTeX/texmf-dist/tex/generic/tex-ini-files/pdftexconfig.tex) (c:/Users/hp/AppData/Roaming/TinyTeX/texmf-dist/tex/latex/base/latex.ltx (c:/Users/hp/AppData/Roaming/TinyTeX/texmf-dist/tex/latex/base/texsys.cfg)
./texsys.aux found


\@currdir set to: ./.


Assuming \openin and \input 
have the same search path.


Defining UNIX/DOS style filename parser.

catcodes, registers, parameters,
LaTeX2e <2025-11-01>
(c:/Users/hp/AppData/Roaming/TinyTeX/texmf-dist/tex/latex/l3kernel/expl3.ltx (c:/Users/hp/AppData/Roaming/TinyTeX/texmf-dist/tex/latex/l3kernel/expl3-code.tex)) hacks, document commands, templates, control, par, spacing, files, font encodings, lengths, NFSS base, NFSS axes, NFSS tracing, NFSS declarative interface, NFSS initialization,
====================================

Local config file fonttext.cfg used

====================================
(c:/Users/hp/AppData/Roaming/TinyTeX/texmf-dist/tex/latex/base/fonttext.cfg (c:/Users/hp/AppData/Roaming/TinyTeX/texmf-dist/tex/latex/base/fonttext.ltx
=== Don't modify this file, use a .cfg file instead ===

(c:/Users/hp/AppData/Roaming/TinyTeX/texmf-dist/tex/latex/base/omlenc.def) (c:/Users/hp/AppData/Roaming/TinyTeX/texmf-dist/tex/latex/base/omsenc.def) (c:/Users/hp/AppData/Roaming/TinyTeX/texmf-dist/tex/latex/base/ot1enc.def) (c:/Users/hp/AppData/Roaming/TinyTeX/texmf-dist/tex/latex/base/t1enc.def) (c:/Users/hp/AppData/Roaming/TinyTeX/texmf-dist/tex/latex/base/ts1enc.def) (c:/Users/hp/AppData/Roaming/TinyTeX/texmf-dist/tex/latex/base/ts1cmr.fd) (c:/Users/hp/AppData/Roaming/TinyTeX/texmf-dist/tex/latex/base/t1cmr.fd) (c:/Users/hp/AppData/Roaming/TinyTeX/texmf-dist/tex/latex/base/ot1cmr.fd) (c:/Users/hp/AppData/Roaming/TinyTeX/texmf-dist/tex/latex/base/ts1cmr.fd) (c:/Users/hp/AppData/Roaming/TinyTeX/texmf-dist/tex/latex/base/t1cmss.fd) (c:/Users/hp/AppData/Roaming/TinyTeX/texmf-dist/tex/latex/base/t1cmtt.fd) (c:/Users/hp/AppData/Roaming/TinyTeX/texmf-dist/tex/latex/base/ot1cmss.fd) (c:/Users/hp/AppData/Roaming/TinyTeX/texmf-dist/tex/latex/base/ot1cmtt.fd) (c:/Users/hp/AppData/Roaming/TinyTeX/texmf-dist/tex/latex/base/ts1cmss.fd) (c:/Users/hp/AppData/Roaming/TinyTeX/texmf-dist/tex/latex/base/ts1cmtt.fd)))
====================================

Local config file fontmath.cfg used

====================================
(c:/Users/hp/AppData/Roaming/TinyTeX/texmf-dist/tex/latex/base/fontmath.cfg (c:/Users/hp/AppData/Roaming/TinyTeX/texmf-dist/tex/latex/base/fontmath.ltx
=== Don't modify this file, use a .cfg file instead ===

(c:/Users/hp/AppData/Roaming/TinyTeX/texmf-dist/tex/latex/base/omlcmm.fd) (c:/Users/hp/AppData/Roaming/TinyTeX/texmf-dist/tex/latex/base/omscmsy.fd) (c:/Users/hp/AppData/Roaming/TinyTeX/texmf-dist/tex/latex/base/omxcmex.fd) (c:/Users/hp/AppData/Roaming/TinyTeX/texmf-dist/tex/latex/base/ucmr.fd)))
====================================

Local config file preload.cfg used

=====================================
(c:/Users/hp/AppData/Roaming/TinyTeX/texmf-dist/tex/latex/base/preload.cfg (c:/Users/hp/AppData/Roaming/TinyTeX/texmf-dist/tex/latex/base/preload.ltx)) page nos., x-ref, environments, center, verbatim, math definitions, boxes, title, sectioning, contents, floats, footnotes, index, bibliography, output,
===========================================
Local configuration file hyphen.cfg used
===========================================
(c:/Users/hp/AppData/Roaming/TinyTeX/texmf-dist/tex/generic/babel/hyphen.cfg (c:/Users/hp/AppData/Roaming/TinyTeX/texmf-dist/tex/generic/hyphen/hyphen.tex) (c:/Users/hp/AppData/Roaming/TinyTeX/texmf-dist/tex/generic/hyphen/dumyhyph.tex) (c:/Users/hp/AppData/Roaming/TinyTeX/texmf-dist/tex/generic/hyphen/zerohyph.tex) (c:/Users/hp/AppData/Roaming/TinyTeX/texmf-dist/tex/generic/hyph-utf8/loadhyph/loadhyph-en-gb.tex ASCII Hyphenation patterns for British English (c:/Users/hp/AppData/Roaming/TinyTeX/texmf-dist/tex/generic/hyph-utf8/patterns/tex/hyph-en-gb.tex)) (c:/Users/hp/AppData/Roaming/TinyTeX/texmf-dist/tex/generic/hyph-utf8/loadhyph/loadhyph-en-us.tex ASCII Hyphenation patterns for American English (c:/Users/hp/AppData/Roaming/TinyTeX/texmf-dist/tex/generic/hyph-utf8/patterns/tex/hyph-en-us.tex))) (c:/Users/hp/AppData/Roaming/TinyTeX/texmf-dist/tex/generic/pdftex/glyphtounicode.tex) (c:/Users/hp/AppData/Roaming/TinyTeX/texmf-dist/tex/latex/base/utf8.def (c:/Users/hp/AppData/Roaming/TinyTeX/texmf-dist/tex/latex/base/omsenc.dfu) (c:/Users/hp/AppData/Roaming/TinyTeX/texmf-dist/tex/latex/base/ot1enc.dfu) (c:/Users/hp/AppData/Roaming/TinyTeX/texmf-dist/tex/latex/base/t1enc.dfu) (c:/Users/hp/AppData/Roaming/TinyTeX/texmf-dist/tex/latex/base/ts1enc.dfu)) (c:/Users/hp/AppData/Roaming/TinyTeX/texmf-dist/tex/latex/firstaid/latex2e-first-aid-for-external-files.ltx)
 ) )
Beginning to dump on file pdflatex.fmt
 (preloaded format=pdflatex 2026.1.4)
30524 strings of total length 782778
432955 memory locations dumped; current usage is 240&391914
28760 multiletter control sequences
\font\nullfont=nullfont
\font\c__fp_exp_intarray=cmr10 at 0.00002pt
\font\c__fp_trig_intarray=cmr10 at 0.00003pt
\font\c_initex_cctab=cmr10 at 0.00005pt
\font\c_other_cctab=cmr10 at 0.00006pt
\font\c_str_cctab=cmr10 at 0.00008pt
\font\g_tmpa_cctab=cmr10 at 0.00009pt
\font\g_tmpb_cctab=cmr10 at 0.0001pt
\font\g__regex_state_active_intarray=cmr10 at 0.00012pt
\font\g__regex_thread_info_intarray=cmr10 at 0.00014pt
\font\g__regex_submatch_prev_intarray=cmr10 at 0.00015pt
\font\g__regex_submatch_begin_intarray=cmr10 at 0.00017pt
\font\g__regex_submatch_end_intarray=cmr10 at 0.00018pt
\font\g__regex_submatch_case_intarray=cmr10 at 0.0002pt
\font\g__regex_balance_intarray=cmr10 at 0.00021pt
\font\g__codepoint_category_index_intarray=cmr10 at 0.00023pt
\font\g__codepoint_grapheme_index_intarray=cmr10 at 0.00024pt
\font\g__codepoint_lowercase_index_intarray=cmr10 at 0.00026pt
\font\g__codepoint_uppercase_index_intarray=cmr10 at 0.00027pt
\font\g__codepoint_wordbreak_index_intarray=cmr10 at 0.00029pt
\font\g__codepoint_category_blocks_intarray=cmr10 at 0.0003pt
\font\g__codepoint_grapheme_blocks_intarray=cmr10 at 0.00032pt
\font\g__codepoint_lowercase_blocks_intarray=cmr10 at 0.00034pt
\font\g__codepoint_uppercase_blocks_intarray=cmr10 at 0.00035pt
\font\g__codepoint_wordbreak_blocks_intarray=cmr10 at 0.00037pt
\font\OMX/cmex/m/n/10=cmex10
\font\tenln=line10
\font\tenlnw=linew10
\font\tencirc=lcircle10
\font\tencircw=lcirclew10
\font\OT1/cmr/m/n/5=cmr5
\font\OT1/cmr/m/n/7=cmr7
\font\OT1/cmr/m/n/10=cmr10
\font\OML/cmm/m/it/5=cmmi5
\font\OML/cmm/m/it/7=cmmi7
\font\OML/cmm/m/it/10=cmmi10
\font\OMS/cmsy/m/n/5=cmsy5
\font\OMS/cmsy/m/n/7=cmsy7
\font\OMS/cmsy/m/n/10=cmsy10
\font\c_code_cctab=cmr10 at 0.00038pt
\font\c_document_cctab=cmr10 at 0.0004pt
627714 words of font info for 40 preloaded fonts
36 hyphenation exceptions
Hyphenation trie of length 20390 has 784 ops out of 35111
  377 for language 4
  224 for language 3
  2 for language 1
  181 for language 0
0 words of pdfTeX memory
0 indirect objects
No pages of output.
Transcript written on pdflatex.log.
fmtutil [INFO]: log file copied to: c:/users/hp/appdata/roaming/tinytex/texmf-var/web2c/pdftex/pdflatex.log
fmtutil [INFO]: c:/users/hp/appdata/roaming/tinytex/texmf-var/web2c/pdftex/pdflatex.fmt installed.
fmtutil [INFO]: --- remaking xelatex with xetex
fmtutil: running `xetex -ini   -jobname=xelatex -progname=xelatex -etex xelatex.ini' ...
This is XeTeX, Version 3.141592653-2.6-0.999997 (TeX Live 2025) (INITEX)
 restricted \write18 enabled.
entering extended mode
(c:/Users/hp/AppData/Roaming/TinyTeX/texmf-dist/tex/latex/tex-ini-files/xelatex.ini (c:/Users/hp/AppData/Roaming/TinyTeX/texmf-dist/tex/latex/base/latex.ltx (c:/Users/hp/AppData/Roaming/TinyTeX/texmf-dist/tex/latex/base/texsys.cfg)
./texsys.aux found


\@currdir set to: ./.


Assuming \openin and \input 
have the same search path.


Defining UNIX/DOS style filename parser.

catcodes, registers, parameters,
LaTeX2e <2025-11-01>
(c:/Users/hp/AppData/Roaming/TinyTeX/texmf-dist/tex/latex/l3kernel/expl3.ltx (c:/Users/hp/AppData/Roaming/TinyTeX/texmf-dist/tex/latex/l3kernel/expl3-code.tex)) hacks, document commands, templates, control, par, spacing, files, font encodings, lengths, NFSS base, NFSS axes, NFSS tracing, NFSS declarative interface, NFSS initialization,
====================================

Local config file fonttext.cfg used

====================================
(c:/Users/hp/AppData/Roaming/TinyTeX/texmf-dist/tex/latex/base/fonttext.cfg (c:/Users/hp/AppData/Roaming/TinyTeX/texmf-dist/tex/latex/base/fonttext.ltx
=== Don't modify this file, use a .cfg file instead ===

(c:/Users/hp/AppData/Roaming/TinyTeX/texmf-dist/tex/latex/base/omlenc.def) (c:/Users/hp/AppData/Roaming/TinyTeX/texmf-dist/tex/latex/base/omsenc.def) (c:/Users/hp/AppData/Roaming/TinyTeX/texmf-dist/tex/latex/base/ot1enc.def) (c:/Users/hp/AppData/Roaming/TinyTeX/texmf-dist/tex/latex/base/t1enc.def) (c:/Users/hp/AppData/Roaming/TinyTeX/texmf-dist/tex/latex/base/ts1enc.def) (c:/Users/hp/AppData/Roaming/TinyTeX/texmf-dist/tex/latex/base/tuenc.def) (c:/Users/hp/AppData/Roaming/TinyTeX/texmf-dist/tex/latex/base/tulmr.fd) (c:/Users/hp/AppData/Roaming/TinyTeX/texmf-dist/tex/latex/base/tulmss.fd) (c:/Users/hp/AppData/Roaming/TinyTeX/texmf-dist/tex/latex/base/tulmtt.fd) (c:/Users/hp/AppData/Roaming/TinyTeX/texmf-dist/tex/latex/lm/ts1lmr.fd) (c:/Users/hp/AppData/Roaming/TinyTeX/texmf-dist/tex/latex/base/t1cmr.fd) (c:/Users/hp/AppData/Roaming/TinyTeX/texmf-dist/tex/latex/base/ot1cmr.fd) (c:/Users/hp/AppData/Roaming/TinyTeX/texmf-dist/tex/latex/base/ts1cmr.fd) (c:/Users/hp/AppData/Roaming/TinyTeX/texmf-dist/tex/latex/base/t1cmss.fd) (c:/Users/hp/AppData/Roaming/TinyTeX/texmf-dist/tex/latex/base/t1cmtt.fd) (c:/Users/hp/AppData/Roaming/TinyTeX/texmf-dist/tex/latex/base/ot1cmss.fd) (c:/Users/hp/AppData/Roaming/TinyTeX/texmf-dist/tex/latex/base/ot1cmtt.fd) (c:/Users/hp/AppData/Roaming/TinyTeX/texmf-dist/tex/latex/base/ts1cmss.fd) (c:/Users/hp/AppData/Roaming/TinyTeX/texmf-dist/tex/latex/base/ts1cmtt.fd)))
====================================

Local config file fontmath.cfg used

====================================
(c:/Users/hp/AppData/Roaming/TinyTeX/texmf-dist/tex/latex/base/fontmath.cfg (c:/Users/hp/AppData/Roaming/TinyTeX/texmf-dist/tex/latex/base/fontmath.ltx
=== Don't modify this file, use a .cfg file instead ===

(c:/Users/hp/AppData/Roaming/TinyTeX/texmf-dist/tex/latex/base/omlcmm.fd) (c:/Users/hp/AppData/Roaming/TinyTeX/texmf-dist/tex/latex/base/omscmsy.fd) (c:/Users/hp/AppData/Roaming/TinyTeX/texmf-dist/tex/latex/base/omxcmex.fd) (c:/Users/hp/AppData/Roaming/TinyTeX/texmf-dist/tex/latex/base/ucmr.fd)))
====================================

Local config file preload.cfg used

=====================================
(c:/Users/hp/AppData/Roaming/TinyTeX/texmf-dist/tex/latex/base/preload.cfg (c:/Users/hp/AppData/Roaming/TinyTeX/texmf-dist/tex/latex/base/preload.ltx)) page nos., x-ref, environments, center, verbatim, math definitions, boxes, title, sectioning, contents, floats, footnotes, index, bibliography, output,  Unicode character data, (c:/Users/hp/AppData/Roaming/TinyTeX/texmf-dist/tex/generic/unicode-data/load-unicode-data.tex 
load-unicode-data.tex v1.19 (2025-09-26)
Reading Unicode data
# UnicodeData-17.0.0.txt
# Modified 2025-09-26 07:00 GMT [JAW]
)
===========================================
Local configuration file hyphen.cfg used
===========================================
(c:/Users/hp/AppData/Roaming/TinyTeX/texmf-dist/tex/generic/babel/hyphen.cfg (c:/Users/hp/AppData/Roaming/TinyTeX/texmf-dist/tex/generic/babel/xebabel.def) (c:/Users/hp/AppData/Roaming/TinyTeX/texmf-dist/tex/generic/hyphen/hyphen.tex) (c:/Users/hp/AppData/Roaming/TinyTeX/texmf-dist/tex/generic/hyphen/dumyhyph.tex) (c:/Users/hp/AppData/Roaming/TinyTeX/texmf-dist/tex/generic/hyphen/zerohyph.tex) (c:/Users/hp/AppData/Roaming/TinyTeX/texmf-dist/tex/generic/hyph-utf8/loadhyph/loadhyph-en-gb.tex ASCII Hyphenation patterns for British English (c:/Users/hp/AppData/Roaming/TinyTeX/texmf-dist/tex/generic/hyph-utf8/patterns/tex/hyph-en-gb.tex)) (c:/Users/hp/AppData/Roaming/TinyTeX/texmf-dist/tex/generic/hyph-utf8/loadhyph/loadhyph-en-us.tex ASCII Hyphenation patterns for American English (c:/Users/hp/AppData/Roaming/TinyTeX/texmf-dist/tex/generic/hyph-utf8/patterns/tex/hyph-en-us.tex))) (c:/Users/hp/AppData/Roaming/TinyTeX/texmf-dist/tex/latex/firstaid/latex2e-first-aid-for-external-files.ltx)
 ) )
Beginning to dump on file xelatex.fmt
 (preloaded format=xelatex 2026.1.4)
95384 strings of total length 773851
425686 memory locations dumped; current usage is 317&386075
28694 multiletter control sequences
\font\nullfont=nullfont
\font\c__fp_exp_intarray=cmr10 at 0.00002pt
\font\c__fp_trig_intarray=cmr10 at 0.00003pt
\font\c_initex_cctab=cmr10 at 0.00005pt
\font\c_other_cctab=cmr10 at 0.00006pt
\font\c_str_cctab=cmr10 at 0.00008pt
\font\g_tmpa_cctab=cmr10 at 0.00009pt
\font\g_tmpb_cctab=cmr10 at 0.0001pt
\font\g__regex_state_active_intarray=cmr10 at 0.00012pt
\font\g__regex_thread_info_intarray=cmr10 at 0.00014pt
\font\g__regex_submatch_prev_intarray=cmr10 at 0.00015pt
\font\g__regex_submatch_begin_intarray=cmr10 at 0.00017pt
\font\g__regex_submatch_end_intarray=cmr10 at 0.00018pt
\font\g__regex_submatch_case_intarray=cmr10 at 0.0002pt
\font\g__regex_balance_intarray=cmr10 at 0.00021pt
\font\g__codepoint_category_index_intarray=cmr10 at 0.00023pt
\font\g__codepoint_grapheme_index_intarray=cmr10 at 0.00024pt
\font\g__codepoint_lowercase_index_intarray=cmr10 at 0.00026pt
\font\g__codepoint_uppercase_index_intarray=cmr10 at 0.00027pt
\font\g__codepoint_wordbreak_index_intarray=cmr10 at 0.00029pt
\font\g__codepoint_category_blocks_intarray=cmr10 at 0.0003pt
\font\g__codepoint_grapheme_blocks_intarray=cmr10 at 0.00032pt
\font\g__codepoint_lowercase_blocks_intarray=cmr10 at 0.00034pt
\font\g__codepoint_uppercase_blocks_intarray=cmr10 at 0.00035pt
\font\g__codepoint_wordbreak_blocks_intarray=cmr10 at 0.00037pt
\font\OMX/cmex/m/n/10=cmex10
\font\tenln=line10
\font\tenlnw=linew10
\font\tencirc=lcircle10
\font\tencircw=lcirclew10
\font\OT1/cmr/m/n/5=cmr5
\font\OT1/cmr/m/n/7=cmr7
\font\OT1/cmr/m/n/10=cmr10
\font\OML/cmm/m/it/5=cmmi5
\font\OML/cmm/m/it/7=cmmi7
\font\OML/cmm/m/it/10=cmmi10
\font\OMS/cmsy/m/n/5=cmsy5
\font\OMS/cmsy/m/n/7=cmsy7
\font\OMS/cmsy/m/n/10=cmsy10
\font\c_code_cctab=cmr10 at 0.00038pt
\font\c_document_cctab=cmr10 at 0.0004pt
627714 words of font info for 40 preloaded fonts
36 hyphenation exceptions
Hyphenation trie of length 20391 has 784 ops out of 35111
  377 for language 4
  224 for language 3
  2 for language 1
  181 for language 0
No pages of output.
Transcript written on xelatex.log.
fmtutil [INFO]: log file copied to: c:/users/hp/appdata/roaming/tinytex/texmf-var/web2c/xetex/xelatex.log
fmtutil [INFO]: c:/users/hp/appdata/roaming/tinytex/texmf-var/web2c/xetex/xelatex.fmt installed.
fmtutil [INFO]: --- remaking dvilualatex with luatex
fmtutil: running `luatex -ini   -jobname=dvilualatex -progname=dvilualatex dvilualatex.ini' ...
This is LuaTeX, Version 1.22.0 (TeX Live 2025)  (INITEX)
 restricted system commands enabled.
(c:/Users/hp/AppData/Roaming/TinyTeX/texmf-dist/tex/latex/tex-ini-files/dvilualatex.ini (c:/Users/hp/AppData/Roaming/TinyTeX/texmf-dist/tex/latex/tex-ini-files/lualatex.ini (c:/Users/hp/AppData/Roaming/TinyTeX/texmf-dist/tex/generic/tex-ini-files/luatexconfig.tex (c:/Users/hp/AppData/Roaming/TinyTeX/texmf-dist/tex/generic/tex-ini-files/pdftexconfig.tex)) (c:/Users/hp/AppData/Roaming/TinyTeX/texmf-dist/tex/latex/base/latex.ltx (c:/Users/hp/AppData/Roaming/TinyTeX/texmf-dist/tex/latex/base/texsys.cfg)
./texsys.aux found


\@currdir set to: ./.


Assuming \openin and \input 
have the same search path.


Defining UNIX/DOS style filename parser.

catcodes, registers, parameters,
LaTeX2e <2025-11-01>
(c:/Users/hp/AppData/Roaming/TinyTeX/texmf-dist/tex/latex/l3kernel/expl3.ltx (c:/Users/hp/AppData/Roaming/TinyTeX/texmf-dist/tex/latex/l3kernel/expl3-code.tex)) hacks, document commands, templates, control, par, spacing, files, font encodings, lengths, NFSS base, NFSS axes, NFSS tracing, NFSS declarative interface, NFSS initialization,
====================================

Local config file fonttext.cfg used

====================================
(c:/Users/hp/AppData/Roaming/TinyTeX/texmf-dist/tex/latex/base/fonttext.cfg (c:/Users/hp/AppData/Roaming/TinyTeX/texmf-dist/tex/latex/base/fonttext.ltx
=== Don't modify this file, use a .cfg file instead ===

(c:/Users/hp/AppData/Roaming/TinyTeX/texmf-dist/tex/latex/base/omlenc.def) (c:/Users/hp/AppData/Roaming/TinyTeX/texmf-dist/tex/latex/base/omsenc.def) (c:/Users/hp/AppData/Roaming/TinyTeX/texmf-dist/tex/latex/base/ot1enc.def) (c:/Users/hp/AppData/Roaming/TinyTeX/texmf-dist/tex/latex/base/t1enc.def) (c:/Users/hp/AppData/Roaming/TinyTeX/texmf-dist/tex/latex/base/ts1enc.def) (c:/Users/hp/AppData/Roaming/TinyTeX/texmf-dist/tex/latex/base/tuenc.def) (c:/Users/hp/AppData/Roaming/TinyTeX/texmf-dist/tex/latex/base/tulmr.fd) (c:/Users/hp/AppData/Roaming/TinyTeX/texmf-dist/tex/latex/base/tulmss.fd) (c:/Users/hp/AppData/Roaming/TinyTeX/texmf-dist/tex/latex/base/tulmtt.fd) (c:/Users/hp/AppData/Roaming/TinyTeX/texmf-dist/tex/latex/lm/ts1lmr.fd) (c:/Users/hp/AppData/Roaming/TinyTeX/texmf-dist/tex/latex/base/t1cmr.fd) (c:/Users/hp/AppData/Roaming/TinyTeX/texmf-dist/tex/latex/base/ot1cmr.fd) (c:/Users/hp/AppData/Roaming/TinyTeX/texmf-dist/tex/latex/base/ts1cmr.fd) (c:/Users/hp/AppData/Roaming/TinyTeX/texmf-dist/tex/latex/base/t1cmss.fd) (c:/Users/hp/AppData/Roaming/TinyTeX/texmf-dist/tex/latex/base/t1cmtt.fd) (c:/Users/hp/AppData/Roaming/TinyTeX/texmf-dist/tex/latex/base/ot1cmss.fd) (c:/Users/hp/AppData/Roaming/TinyTeX/texmf-dist/tex/latex/base/ot1cmtt.fd) (c:/Users/hp/AppData/Roaming/TinyTeX/texmf-dist/tex/latex/base/ts1cmss.fd) (c:/Users/hp/AppData/Roaming/TinyTeX/texmf-dist/tex/latex/base/ts1cmtt.fd)))
====================================

Local config file fontmath.cfg used

====================================
(c:/Users/hp/AppData/Roaming/TinyTeX/texmf-dist/tex/latex/base/fontmath.cfg (c:/Users/hp/AppData/Roaming/TinyTeX/texmf-dist/tex/latex/base/fontmath.ltx
=== Don't modify this file, use a .cfg file instead ===

(c:/Users/hp/AppData/Roaming/TinyTeX/texmf-dist/tex/latex/base/omlcmm.fd) (c:/Users/hp/AppData/Roaming/TinyTeX/texmf-dist/tex/latex/base/omscmsy.fd) (c:/Users/hp/AppData/Roaming/TinyTeX/texmf-dist/tex/latex/base/omxcmex.fd) (c:/Users/hp/AppData/Roaming/TinyTeX/texmf-dist/tex/latex/base/ucmr.fd)))
====================================

Local config file preload.cfg used

=====================================
(c:/Users/hp/AppData/Roaming/TinyTeX/texmf-dist/tex/latex/base/preload.cfg (c:/Users/hp/AppData/Roaming/TinyTeX/texmf-dist/tex/latex/base/preload.ltx)) page nos., x-ref, environments, center, verbatim, math definitions, boxes, title, sectioning, contents, floats, footnotes, index, bibliography, output,  Unicode character data, (c:/Users/hp/AppData/Roaming/TinyTeX/texmf-dist/tex/generic/unicode-data/load-unicode-data.tex 
load-unicode-data.tex v1.19 (2025-09-26)
Reading Unicode data
# UnicodeData-17.0.0.txt
# Modified 2025-09-26 07:00 GMT [JAW]
)
===========================================
Local configuration file hyphen.cfg used
===========================================
(c:/Users/hp/AppData/Roaming/TinyTeX/texmf-dist/tex/generic/babel/hyphen.cfg (c:/Users/hp/AppData/Roaming/TinyTeX/texmf-dist/tex/generic/babel/luababel.def) (c:/Users/hp/AppData/Roaming/TinyTeX/texmf-dist/tex/generic/hyphen/hyphen.tex)) (c:/Users/hp/AppData/Roaming/TinyTeX/texmf-dist/tex/latex/firstaid/latex2e-first-aid-for-external-files.ltx)
)))
Beginning to dump on file dvilualatex.fmt
 (format=dvilualatex 2026.1.4)
23924 strings using 421578 bytes
820743 memory locations dumped; current usage is 204&384433
22562 multiletter control sequences
\font\nullfont=nullfont
\font\OMX/cmex/m/n/10=cmex10
\font\tenln=line10
\font\tenlnw=linew10
\font\tencirc=lcircle10
\font\tencircw=lcirclew10
\font\OT1/cmr/m/n/5=cmr5
\font\OT1/cmr/m/n/7=cmr7
\font\OT1/cmr/m/n/10=cmr10
\font\OML/cmm/m/it/5=cmmi5
\font\OML/cmm/m/it/7=cmmi7
\font\OML/cmm/m/it/10=cmmi10
\font\OMS/cmsy/m/n/5=cmsy5
\font\OMS/cmsy/m/n/7=cmsy7
\font\OMS/cmsy/m/n/10=cmsy10
14 preloaded fonts
No pages of output.
Transcript written on dvilualatex.log.
fmtutil [INFO]: log file copied to: c:/users/hp/appdata/roaming/tinytex/texmf-var/web2c/luatex/dvilualatex.log
fmtutil [INFO]: c:/users/hp/appdata/roaming/tinytex/texmf-var/web2c/luatex/dvilualatex.fmt installed.
fmtutil [INFO]: --- remaking lualatex with luahbtex
fmtutil: running `luahbtex -ini   -jobname=lualatex -progname=lualatex lualatex.ini' ...
This is LuaHBTeX, Version 1.22.0 (TeX Live 2025)  (INITEX)
 restricted system commands enabled.
(c:/Users/hp/AppData/Roaming/TinyTeX/texmf-dist/tex/latex/tex-ini-files/lualatex.ini (c:/Users/hp/AppData/Roaming/TinyTeX/texmf-dist/tex/generic/tex-ini-files/luatexconfig.tex (c:/Users/hp/AppData/Roaming/TinyTeX/texmf-dist/tex/generic/tex-ini-files/pdftexconfig.tex)) (c:/Users/hp/AppData/Roaming/TinyTeX/texmf-dist/tex/latex/base/latex.ltx (c:/Users/hp/AppData/Roaming/TinyTeX/texmf-dist/tex/latex/base/texsys.cfg)
./texsys.aux found


\@currdir set to: ./.


Assuming \openin and \input 
have the same search path.


Defining UNIX/DOS style filename parser.

catcodes, registers, parameters,
LaTeX2e <2025-11-01>
(c:/Users/hp/AppData/Roaming/TinyTeX/texmf-dist/tex/latex/l3kernel/expl3.ltx (c:/Users/hp/AppData/Roaming/TinyTeX/texmf-dist/tex/latex/l3kernel/expl3-code.tex)) hacks, document commands, templates, control, par, spacing, files, font encodings, lengths, NFSS base, NFSS axes, NFSS tracing, NFSS declarative interface, NFSS initialization,
====================================

Local config file fonttext.cfg used

====================================
(c:/Users/hp/AppData/Roaming/TinyTeX/texmf-dist/tex/latex/base/fonttext.cfg (c:/Users/hp/AppData/Roaming/TinyTeX/texmf-dist/tex/latex/base/fonttext.ltx
=== Don't modify this file, use a .cfg file instead ===

(c:/Users/hp/AppData/Roaming/TinyTeX/texmf-dist/tex/latex/base/omlenc.def) (c:/Users/hp/AppData/Roaming/TinyTeX/texmf-dist/tex/latex/base/omsenc.def) (c:/Users/hp/AppData/Roaming/TinyTeX/texmf-dist/tex/latex/base/ot1enc.def) (c:/Users/hp/AppData/Roaming/TinyTeX/texmf-dist/tex/latex/base/t1enc.def) (c:/Users/hp/AppData/Roaming/TinyTeX/texmf-dist/tex/latex/base/ts1enc.def) (c:/Users/hp/AppData/Roaming/TinyTeX/texmf-dist/tex/latex/base/tuenc.def) (c:/Users/hp/AppData/Roaming/TinyTeX/texmf-dist/tex/latex/base/tulmr.fd) (c:/Users/hp/AppData/Roaming/TinyTeX/texmf-dist/tex/latex/base/tulmss.fd) (c:/Users/hp/AppData/Roaming/TinyTeX/texmf-dist/tex/latex/base/tulmtt.fd) (c:/Users/hp/AppData/Roaming/TinyTeX/texmf-dist/tex/latex/lm/ts1lmr.fd) (c:/Users/hp/AppData/Roaming/TinyTeX/texmf-dist/tex/latex/base/t1cmr.fd) (c:/Users/hp/AppData/Roaming/TinyTeX/texmf-dist/tex/latex/base/ot1cmr.fd) (c:/Users/hp/AppData/Roaming/TinyTeX/texmf-dist/tex/latex/base/ts1cmr.fd) (c:/Users/hp/AppData/Roaming/TinyTeX/texmf-dist/tex/latex/base/t1cmss.fd) (c:/Users/hp/AppData/Roaming/TinyTeX/texmf-dist/tex/latex/base/t1cmtt.fd) (c:/Users/hp/AppData/Roaming/TinyTeX/texmf-dist/tex/latex/base/ot1cmss.fd) (c:/Users/hp/AppData/Roaming/TinyTeX/texmf-dist/tex/latex/base/ot1cmtt.fd) (c:/Users/hp/AppData/Roaming/TinyTeX/texmf-dist/tex/latex/base/ts1cmss.fd) (c:/Users/hp/AppData/Roaming/TinyTeX/texmf-dist/tex/latex/base/ts1cmtt.fd)))
====================================

Local config file fontmath.cfg used

====================================
(c:/Users/hp/AppData/Roaming/TinyTeX/texmf-dist/tex/latex/base/fontmath.cfg (c:/Users/hp/AppData/Roaming/TinyTeX/texmf-dist/tex/latex/base/fontmath.ltx
=== Don't modify this file, use a .cfg file instead ===

(c:/Users/hp/AppData/Roaming/TinyTeX/texmf-dist/tex/latex/base/omlcmm.fd) (c:/Users/hp/AppData/Roaming/TinyTeX/texmf-dist/tex/latex/base/omscmsy.fd) (c:/Users/hp/AppData/Roaming/TinyTeX/texmf-dist/tex/latex/base/omxcmex.fd) (c:/Users/hp/AppData/Roaming/TinyTeX/texmf-dist/tex/latex/base/ucmr.fd)))
====================================

Local config file preload.cfg used

=====================================
(c:/Users/hp/AppData/Roaming/TinyTeX/texmf-dist/tex/latex/base/preload.cfg (c:/Users/hp/AppData/Roaming/TinyTeX/texmf-dist/tex/latex/base/preload.ltx)) page nos., x-ref, environments, center, verbatim, math definitions, boxes, title, sectioning, contents, floats, footnotes, index, bibliography, output,  Unicode character data, (c:/Users/hp/AppData/Roaming/TinyTeX/texmf-dist/tex/generic/unicode-data/load-unicode-data.tex 
load-unicode-data.tex v1.19 (2025-09-26)
Reading Unicode data
# UnicodeData-17.0.0.txt
# Modified 2025-09-26 07:00 GMT [JAW]
)
===========================================
Local configuration file hyphen.cfg used
===========================================
(c:/Users/hp/AppData/Roaming/TinyTeX/texmf-dist/tex/generic/babel/hyphen.cfg (c:/Users/hp/AppData/Roaming/TinyTeX/texmf-dist/tex/generic/babel/luababel.def) (c:/Users/hp/AppData/Roaming/TinyTeX/texmf-dist/tex/generic/hyphen/hyphen.tex)) (c:/Users/hp/AppData/Roaming/TinyTeX/texmf-dist/tex/latex/firstaid/latex2e-first-aid-for-external-files.ltx)
))
Beginning to dump on file lualatex.fmt
 (format=lualatex 2026.1.4)
23919 strings using 421554 bytes
820735 memory locations dumped; current usage is 204&384429
22562 multiletter control sequences
\font\nullfont=nullfont
\font\OMX/cmex/m/n/10=cmex10
\font\tenln=line10
\font\tenlnw=linew10
\font\tencirc=lcircle10
\font\tencircw=lcirclew10
\font\OT1/cmr/m/n/5=cmr5
\font\OT1/cmr/m/n/7=cmr7
\font\OT1/cmr/m/n/10=cmr10
\font\OML/cmm/m/it/5=cmmi5
\font\OML/cmm/m/it/7=cmmi7
\font\OML/cmm/m/it/10=cmmi10
\font\OMS/cmsy/m/n/5=cmsy5
\font\OMS/cmsy/m/n/7=cmsy7
\font\OMS/cmsy/m/n/10=cmsy10
14 preloaded fonts
warning  (pdf backend): no pages of output.
Transcript written on lualatex.log.
fmtutil [INFO]: log file copied to: c:/users/hp/appdata/roaming/tinytex/texmf-var/web2c/luahbtex/lualatex.log
fmtutil [INFO]: c:/users/hp/appdata/roaming/tinytex/texmf-var/web2c/luahbtex/lualatex.fmt installed.
fmtutil [INFO]: --- remaking latex with pdftex
fmtutil: running `pdftex -ini   -jobname=latex -progname=latex -translate-file=cp227.tcx *latex.ini' ...
This is pdfTeX, Version 3.141592653-2.6-1.40.28 (TeX Live 2025) (INITEX)
 restricted \write18 enabled.
 (c:/Users/hp/AppData/Roaming/TinyTeX/texmf-dist/web2c/cp227.tcx)
entering extended mode
(c:/Users/hp/AppData/Roaming/TinyTeX/texmf-dist/tex/latex/tex-ini-files/latex.ini (c:/Users/hp/AppData/Roaming/TinyTeX/texmf-dist/tex/generic/tex-ini-files/pdftexconfig.tex)
(c:/Users/hp/AppData/Roaming/TinyTeX/texmf-dist/tex/latex/base/latex.ltx (c:/Users/hp/AppData/Roaming/TinyTeX/texmf-dist/tex/latex/base/texsys.cfg)
./texsys.aux found


\@currdir set to: ./.


Assuming \openin and \input 
have the same search path.


Defining UNIX/DOS style filename parser.

catcodes, registers, parameters,
LaTeX2e <2025-11-01>
(c:/Users/hp/AppData/Roaming/TinyTeX/texmf-dist/tex/latex/l3kernel/expl3.ltx (c:/Users/hp/AppData/Roaming/TinyTeX/texmf-dist/tex/latex/l3kernel/expl3-code.tex)) hacks, document commands, templates, control, par, spacing, files, font encodings, lengths, NFSS base, NFSS axes, NFSS tracing, NFSS declarative interface, NFSS initialization,
====================================

Local config file fonttext.cfg used

====================================
(c:/Users/hp/AppData/Roaming/TinyTeX/texmf-dist/tex/latex/base/fonttext.cfg (c:/Users/hp/AppData/Roaming/TinyTeX/texmf-dist/tex/latex/base/fonttext.ltx
=== Don't modify this file, use a .cfg file instead ===

(c:/Users/hp/AppData/Roaming/TinyTeX/texmf-dist/tex/latex/base/omlenc.def) (c:/Users/hp/AppData/Roaming/TinyTeX/texmf-dist/tex/latex/base/omsenc.def) (c:/Users/hp/AppData/Roaming/TinyTeX/texmf-dist/tex/latex/base/ot1enc.def) (c:/Users/hp/AppData/Roaming/TinyTeX/texmf-dist/tex/latex/base/t1enc.def) (c:/Users/hp/AppData/Roaming/TinyTeX/texmf-dist/tex/latex/base/ts1enc.def) (c:/Users/hp/AppData/Roaming/TinyTeX/texmf-dist/tex/latex/base/ts1cmr.fd) (c:/Users/hp/AppData/Roaming/TinyTeX/texmf-dist/tex/latex/base/t1cmr.fd) (c:/Users/hp/AppData/Roaming/TinyTeX/texmf-dist/tex/latex/base/ot1cmr.fd) (c:/Users/hp/AppData/Roaming/TinyTeX/texmf-dist/tex/latex/base/ts1cmr.fd) (c:/Users/hp/AppData/Roaming/TinyTeX/texmf-dist/tex/latex/base/t1cmss.fd) (c:/Users/hp/AppData/Roaming/TinyTeX/texmf-dist/tex/latex/base/t1cmtt.fd) (c:/Users/hp/AppData/Roaming/TinyTeX/texmf-dist/tex/latex/base/ot1cmss.fd) (c:/Users/hp/AppData/Roaming/TinyTeX/texmf-dist/tex/latex/base/ot1cmtt.fd) (c:/Users/hp/AppData/Roaming/TinyTeX/texmf-dist/tex/latex/base/ts1cmss.fd) (c:/Users/hp/AppData/Roaming/TinyTeX/texmf-dist/tex/latex/base/ts1cmtt.fd)))
====================================

Local config file fontmath.cfg used

====================================
(c:/Users/hp/AppData/Roaming/TinyTeX/texmf-dist/tex/latex/base/fontmath.cfg (c:/Users/hp/AppData/Roaming/TinyTeX/texmf-dist/tex/latex/base/fontmath.ltx
=== Don't modify this file, use a .cfg file instead ===

(c:/Users/hp/AppData/Roaming/TinyTeX/texmf-dist/tex/latex/base/omlcmm.fd) (c:/Users/hp/AppData/Roaming/TinyTeX/texmf-dist/tex/latex/base/omscmsy.fd) (c:/Users/hp/AppData/Roaming/TinyTeX/texmf-dist/tex/latex/base/omxcmex.fd) (c:/Users/hp/AppData/Roaming/TinyTeX/texmf-dist/tex/latex/base/ucmr.fd)))
====================================

Local config file preload.cfg used

=====================================
(c:/Users/hp/AppData/Roaming/TinyTeX/texmf-dist/tex/latex/base/preload.cfg (c:/Users/hp/AppData/Roaming/TinyTeX/texmf-dist/tex/latex/base/preload.ltx)) page nos., x-ref, environments, center, verbatim, math definitions, boxes, title, sectioning, contents, floats, footnotes, index, bibliography, output,
===========================================
Local configuration file hyphen.cfg used
===========================================
(c:/Users/hp/AppData/Roaming/TinyTeX/texmf-dist/tex/generic/babel/hyphen.cfg (c:/Users/hp/AppData/Roaming/TinyTeX/texmf-dist/tex/generic/hyphen/hyphen.tex) (c:/Users/hp/AppData/Roaming/TinyTeX/texmf-dist/tex/generic/hyphen/dumyhyph.tex) (c:/Users/hp/AppData/Roaming/TinyTeX/texmf-dist/tex/generic/hyphen/zerohyph.tex) (c:/Users/hp/AppData/Roaming/TinyTeX/texmf-dist/tex/generic/hyph-utf8/loadhyph/loadhyph-en-gb.tex ASCII Hyphenation patterns for British English (c:/Users/hp/AppData/Roaming/TinyTeX/texmf-dist/tex/generic/hyph-utf8/patterns/tex/hyph-en-gb.tex)) (c:/Users/hp/AppData/Roaming/TinyTeX/texmf-dist/tex/generic/hyph-utf8/loadhyph/loadhyph-en-us.tex ASCII Hyphenation patterns for American English (c:/Users/hp/AppData/Roaming/TinyTeX/texmf-dist/tex/generic/hyph-utf8/patterns/tex/hyph-en-us.tex))) (c:/Users/hp/AppData/Roaming/TinyTeX/texmf-dist/tex/generic/pdftex/glyphtounicode.tex) (c:/Users/hp/AppData/Roaming/TinyTeX/texmf-dist/tex/latex/base/utf8.def (c:/Users/hp/AppData/Roaming/TinyTeX/texmf-dist/tex/latex/base/omsenc.dfu) (c:/Users/hp/AppData/Roaming/TinyTeX/texmf-dist/tex/latex/base/ot1enc.dfu) (c:/Users/hp/AppData/Roaming/TinyTeX/texmf-dist/tex/latex/base/t1enc.dfu) (c:/Users/hp/AppData/Roaming/TinyTeX/texmf-dist/tex/latex/base/ts1enc.dfu)) (c:/Users/hp/AppData/Roaming/TinyTeX/texmf-dist/tex/latex/firstaid/latex2e-first-aid-for-external-files.ltx)
 ) )
Beginning to dump on file latex.fmt
 (preloaded format=latex 2026.1.4)
30523 strings of total length 782752
432952 memory locations dumped; current usage is 240&391908
28760 multiletter control sequences
\font\nullfont=nullfont
\font\c__fp_exp_intarray=cmr10 at 0.00002pt
\font\c__fp_trig_intarray=cmr10 at 0.00003pt
\font\c_initex_cctab=cmr10 at 0.00005pt
\font\c_other_cctab=cmr10 at 0.00006pt
\font\c_str_cctab=cmr10 at 0.00008pt
\font\g_tmpa_cctab=cmr10 at 0.00009pt
\font\g_tmpb_cctab=cmr10 at 0.0001pt
\font\g__regex_state_active_intarray=cmr10 at 0.00012pt
\font\g__regex_thread_info_intarray=cmr10 at 0.00014pt
\font\g__regex_submatch_prev_intarray=cmr10 at 0.00015pt
\font\g__regex_submatch_begin_intarray=cmr10 at 0.00017pt
\font\g__regex_submatch_end_intarray=cmr10 at 0.00018pt
\font\g__regex_submatch_case_intarray=cmr10 at 0.0002pt
\font\g__regex_balance_intarray=cmr10 at 0.00021pt
\font\g__codepoint_category_index_intarray=cmr10 at 0.00023pt
\font\g__codepoint_grapheme_index_intarray=cmr10 at 0.00024pt
\font\g__codepoint_lowercase_index_intarray=cmr10 at 0.00026pt
\font\g__codepoint_uppercase_index_intarray=cmr10 at 0.00027pt
\font\g__codepoint_wordbreak_index_intarray=cmr10 at 0.00029pt
\font\g__codepoint_category_blocks_intarray=cmr10 at 0.0003pt
\font\g__codepoint_grapheme_blocks_intarray=cmr10 at 0.00032pt
\font\g__codepoint_lowercase_blocks_intarray=cmr10 at 0.00034pt
\font\g__codepoint_uppercase_blocks_intarray=cmr10 at 0.00035pt
\font\g__codepoint_wordbreak_blocks_intarray=cmr10 at 0.00037pt
\font\OMX/cmex/m/n/10=cmex10
\font\tenln=line10
\font\tenlnw=linew10
\font\tencirc=lcircle10
\font\tencircw=lcirclew10
\font\OT1/cmr/m/n/5=cmr5
\font\OT1/cmr/m/n/7=cmr7
\font\OT1/cmr/m/n/10=cmr10
\font\OML/cmm/m/it/5=cmmi5
\font\OML/cmm/m/it/7=cmmi7
\font\OML/cmm/m/it/10=cmmi10
\font\OMS/cmsy/m/n/5=cmsy5
\font\OMS/cmsy/m/n/7=cmsy7
\font\OMS/cmsy/m/n/10=cmsy10
\font\c_code_cctab=cmr10 at 0.00038pt
\font\c_document_cctab=cmr10 at 0.0004pt
627714 words of font info for 40 preloaded fonts
36 hyphenation exceptions
Hyphenation trie of length 20390 has 784 ops out of 35111
  377 for language 4
  224 for language 3
  2 for language 1
  181 for language 0
0 words of pdfTeX memory
0 indirect objects
No pages of output.
Transcript written on latex.log.
fmtutil [INFO]: log file copied to: c:/users/hp/appdata/roaming/tinytex/texmf-var/web2c/pdftex/latex.log
fmtutil [INFO]: c:/users/hp/appdata/roaming/tinytex/texmf-var/web2c/pdftex/latex.fmt installed.
fmtutil [INFO]: successfully rebuilt formats: 5
fmtutil [INFO]: not selected formats: 9
fmtutil [INFO]: total formats: 14
fmtutil [INFO]: executable location: c:\Users\hp\AppData\Roaming\TinyTeX\texmf-dist\scripts\texlive\fmtutil.pl
fmtutil [INFO]: exiting with status 0
--end of output of fmtutil-sys --byhyphen "language.dat" --no-error-if-no-engine=luametatex,luajithbtex,luajittex,mfluajit --status-file=C:\Users\hp\AppData\Local\Temp\GpC8KH6_sY\szfP_B_pPh.

[Sun Jan  4 21:54:16 2026]   OK: pdflatex.fmt/pdftex xelatex.fmt/xetex dvilualatex.fmt/luatex lualatex.fmt/luahbtex latex.fmt/pdftex
[Sun Jan  4 21:54:16 2026] running fmtutil-sys --byhyphen "language.def" --no-error-if-no-engine=luametatex,luajithbtex,luajittex,mfluajit --status-file=C:\Users\hp\AppData\Local\Temp\GpC8KH6_sY\szfP_B_pPh
[Sun Jan  4 21:54:22 2026] success, output:
fmtutil: fmtutil is using the following fmtutil.cnf files (in precedence order):
fmtutil:   c:/users/hp/appdata/roaming/tinytex/texmf-dist/web2c/fmtutil.cnf
fmtutil: fmtutil is using the following fmtutil.cnf file for writing changes:
fmtutil:   c:/users/hp/appdata/roaming/tinytex/texmf-config/web2c/fmtutil.cnf
fmtutil [INFO]: writing formats under c:/users/hp/appdata/roaming/tinytex/texmf-var/web2c
fmtutil [INFO]: --- remaking luahbtex with luahbtex
fmtutil: running `luahbtex -ini   -jobname=luahbtex -progname=luahbtex luatex.ini' ...
This is LuaHBTeX, Version 1.22.0 (TeX Live 2025)  (INITEX)
 restricted system commands enabled.
(c:/Users/hp/AppData/Roaming/TinyTeX/texmf-dist/tex/generic/tex-ini-files/luatex.ini (c:/Users/hp/AppData/Roaming/TinyTeX/texmf-dist/tex/generic/tex-ini-files/luatexconfig.tex (c:/Users/hp/AppData/Roaming/TinyTeX/texmf-dist/tex/generic/tex-ini-files/pdftexconfig.tex)) (c:/Users/hp/AppData/Roaming/TinyTeX/texmf-dist/tex/generic/tex-ini-files/luatexiniconfig.tex) (c:/Users/hp/AppData/Roaming/TinyTeX/texmf-dist/tex/generic/unicode-data/load-unicode-data.tex 
load-unicode-data.tex v1.19 (2025-09-26)
Reading Unicode data
# UnicodeData-17.0.0.txt
# Modified 2025-09-26 07:00 GMT [JAW]
) (c:/Users/hp/AppData/Roaming/TinyTeX/texmf-dist/tex/luatex/hyph-utf8/etex.src (c:/Users/hp/AppData/Roaming/TinyTeX/texmf-dist/tex/plain/base/plain.tex Preloading the plain format: codes, registers, parameters, fonts, more fonts, macros, math definitions, output routines, hyphenation (c:/Users/hp/AppData/Roaming/TinyTeX/texmf-dist/tex/generic/hyphen/hyphen.tex [skipping from \patterns to end-of-file...])) (c:/Users/hp/AppData/Roaming/TinyTeX/texmf-dist/tex/plain/etex/etexdefs.lib Skipping module "grouptypes"; Loading module "interactionmodes"; Skipping module "nodetypes"; Skipping module "iftypes";) (c:/Users/hp/AppData/Roaming/TinyTeX/texmf-var/tex/generic/config/language.def (c:/Users/hp/AppData/Roaming/TinyTeX/texmf-dist/tex/generic/hyphen/hyphen.tex)) Augmenting the Plain TeX definitions: \tracingall; Adding new e-TeX definitions: \eTeX, \loggingall, \tracingnone, register allocation; extended register allocation; 
Recycling: \addlanguage, \@nswer (not defined), \@sk, \b@dresponsetrue, \b@dresponsefalse, \ch@ckforyn, \mayber@cycle, \et@xabort, \et@xbuf, \et@xfmtsrc, \et@xfilehdr, \et@xinf, \et@xpatterns, \l@ngdefnfile, \n@xt, \p@rse (not defined), \pr@mpt (not defined), \pr@mptloop (not defined), \forcer@cycle, \usef@llback, \usef@llbacktrue, \usef@llbackfalse, 
Retaining: \et@xerr, \et@xinput, \et@xlibhdr, \et@xmsg, \et@xtoks, \et@xwarn, \et@xl@@d, \et@xl@ad, \et@xload, \et@xlang, \et@xhash, \eTeX, \etexhdrchk, \etexstatus, \module, \uselanguage, \r@tain, \r@cycle,))
Beginning to dump on file luahbtex.fmt
 (format=luahbtex 2026.1.4)
3409 strings using 10462 bytes
68809 memory locations dumped; current usage is 149&7733
1898 multiletter control sequences
\font\nullfont=nullfont
\font\tenrm=cmr10
\font\preloaded=cmr9
\font\preloaded=cmr8
\font\sevenrm=cmr7
\font\preloaded=cmr6
\font\fiverm=cmr5
\font\teni=cmmi10
\font\preloaded=cmmi9
\font\preloaded=cmmi8
\font\seveni=cmmi7
\font\preloaded=cmmi6
\font\fivei=cmmi5
\font\tensy=cmsy10
\font\preloaded=cmsy9
\font\preloaded=cmsy8
\font\sevensy=cmsy7
\font\preloaded=cmsy6
\font\fivesy=cmsy5
\font\tenex=cmex10
\font\preloaded=cmss10
\font\preloaded=cmssq8
\font\preloaded=cmssi10
\font\preloaded=cmssqi8
\font\tenbf=cmbx10
\font\preloaded=cmbx9
\font\preloaded=cmbx8
\font\sevenbf=cmbx7
\font\preloaded=cmbx6
\font\fivebf=cmbx5
\font\tentt=cmtt10
\font\preloaded=cmtt9
\font\preloaded=cmtt8
\font\preloaded=cmsltt10
\font\tensl=cmsl10
\font\preloaded=cmsl9
\font\preloaded=cmsl8
\font\tenit=cmti10
\font\preloaded=cmti9
\font\preloaded=cmti8
\font\preloaded=cmti7
\font\preloaded=cmu10
\font\preloaded=cmmib10
\font\preloaded=cmbsy10
\font\preloaded=cmcsc10
\font\preloaded=cmssbx10
\font\preloaded=cmdunh10
\font\preloaded=cmr7 at 14.51799pt
\font\preloaded=cmtt10 at 14.4pt
\font\preloaded=cmssbx10 at 14.4pt
\font\preloaded=manfnt
50 preloaded fonts
warning  (pdf backend): no pages of output.
Transcript written on luahbtex.log.
fmtutil [INFO]: log file copied to: c:/users/hp/appdata/roaming/tinytex/texmf-var/web2c/luahbtex/luahbtex.log
fmtutil [INFO]: c:/users/hp/appdata/roaming/tinytex/texmf-var/web2c/luahbtex/luahbtex.fmt installed.
fmtutil [INFO]: --- remaking pdftex with pdftex
fmtutil: running `pdftex -ini   -jobname=pdftex -progname=pdftex -translate-file=cp227.tcx *pdfetex.ini' ...
This is pdfTeX, Version 3.141592653-2.6-1.40.28 (TeX Live 2025) (INITEX)
 restricted \write18 enabled.
 (c:/Users/hp/AppData/Roaming/TinyTeX/texmf-dist/web2c/cp227.tcx)
entering extended mode
(c:/Users/hp/AppData/Roaming/TinyTeX/texmf-dist/tex/plain/config/pdfetex.ini (c:/Users/hp/AppData/Roaming/TinyTeX/texmf-dist/tex/generic/tex-ini-files/pdftexconfig.tex) (c:/Users/hp/AppData/Roaming/TinyTeX/texmf-dist/tex/plain/etex/etex.src (c:/Users/hp/AppData/Roaming/TinyTeX/texmf-dist/tex/plain/base/plain.tex Preloading the plain format: codes, registers, parameters, fonts, more fonts, macros, math definitions, output routines, hyphenation (c:/Users/hp/AppData/Roaming/TinyTeX/texmf-dist/tex/generic/hyphen/hyphen.tex [skipping from \patterns to end-of-file...])) (c:/Users/hp/AppData/Roaming/TinyTeX/texmf-dist/tex/plain/etex/etexdefs.lib Skipping module "grouptypes"; Loading module "interactionmodes"; Skipping module "nodetypes"; Skipping module "iftypes";) (c:/Users/hp/AppData/Roaming/TinyTeX/texmf-var/tex/generic/config/language.def (c:/Users/hp/AppData/Roaming/TinyTeX/texmf-dist/tex/generic/hyphen/hyphen.tex) (c:/Users/hp/AppData/Roaming/TinyTeX/texmf-dist/tex/generic/hyph-utf8/loadhyph/loadhyph-en-gb.tex ASCII Hyphenation patterns for British English (c:/Users/hp/AppData/Roaming/TinyTeX/texmf-dist/tex/generic/hyph-utf8/patterns/tex/hyph-en-gb.tex)) (c:/Users/hp/AppData/Roaming/TinyTeX/texmf-dist/tex/generic/hyph-utf8/loadhyph/loadhyph-en-gb.tex ASCII Hyphenation patterns for British English (c:/Users/hp/AppData/Roaming/TinyTeX/texmf-dist/tex/generic/hyph-utf8/patterns/tex/hyph-en-gb.tex)) (c:/Users/hp/AppData/Roaming/TinyTeX/texmf-dist/tex/generic/hyph-utf8/loadhyph/loadhyph-en-gb.tex ASCII Hyphenation patterns for British English (c:/Users/hp/AppData/Roaming/TinyTeX/texmf-dist/tex/generic/hyph-utf8/patterns/tex/hyph-en-gb.tex)) (c:/Users/hp/AppData/Roaming/TinyTeX/texmf-dist/tex/generic/hyph-utf8/loadhyph/loadhyph-en-us.tex ASCII Hyphenation patterns for American English (c:/Users/hp/AppData/Roaming/TinyTeX/texmf-dist/tex/generic/hyph-utf8/patterns/tex/hyph-en-us.tex))) Augmenting the Plain TeX definitions: \tracingall; Adding new e-TeX definitions: \eTeX, \loggingall, \tracingnone, register allocation; extended register allocation; 
Recycling: \addlanguage, \@nswer (not defined), \@sk, \b@dresponsetrue, \b@dresponsefalse, \ch@ckforyn, \mayber@cycle, \et@xabort, \et@xbuf, \et@xfmtsrc, \et@xfilehdr, \et@xinf, \et@xpatterns, \l@ngdefnfile, \n@xt, \p@rse (not defined), \pr@mpt (not defined), \pr@mptloop (not defined), \forcer@cycle, \usef@llback, \usef@llbacktrue, \usef@llbackfalse, 
Retaining: \et@xerr, \et@xinput, \et@xlibhdr, \et@xmsg, \et@xtoks, \et@xwarn, \et@xl@@d, \et@xl@ad, \et@xload, \et@xlang, \et@xhash, \eTeX, \etexhdrchk, \etexstatus, \module, \uselanguage, \r@tain, \r@cycle,) (c:/Users/hp/AppData/Roaming/TinyTeX/texmf-dist/tex/plain/config/pdftexmagfix.tex) )
Beginning to dump on file pdftex.fmt
 (preloaded format=pdftex 2026.1.4)
3004 strings of total length 46571
8069 memory locations dumped; current usage is 203&7430
1289 multiletter control sequences
\font\nullfont=nullfont
\font\tenrm=cmr10
\font\preloaded=cmr9
\font\preloaded=cmr8
\font\sevenrm=cmr7
\font\preloaded=cmr6
\font\fiverm=cmr5
\font\teni=cmmi10
\font\preloaded=cmmi9
\font\preloaded=cmmi8
\font\seveni=cmmi7
\font\preloaded=cmmi6
\font\fivei=cmmi5
\font\tensy=cmsy10
\font\preloaded=cmsy9
\font\preloaded=cmsy8
\font\sevensy=cmsy7
\font\preloaded=cmsy6
\font\fivesy=cmsy5
\font\tenex=cmex10
\font\preloaded=cmss10
\font\preloaded=cmssq8
\font\preloaded=cmssi10
\font\preloaded=cmssqi8
\font\tenbf=cmbx10
\font\preloaded=cmbx9
\font\preloaded=cmbx8
\font\sevenbf=cmbx7
\font\preloaded=cmbx6
\font\fivebf=cmbx5
\font\tentt=cmtt10
\font\preloaded=cmtt9
\font\preloaded=cmtt8
\font\preloaded=cmsltt10
\font\tensl=cmsl10
\font\preloaded=cmsl9
\font\preloaded=cmsl8
\font\tenit=cmti10
\font\preloaded=cmti9
\font\preloaded=cmti8
\font\preloaded=cmti7
\font\preloaded=cmu10
\font\preloaded=cmmib10
\font\preloaded=cmbsy10
\font\preloaded=cmcsc10
\font\preloaded=cmssbx10
\font\preloaded=cmdunh10
\font\preloaded=cmr7 at 14.51799pt
\font\preloaded=cmtt10 at 14.4pt
\font\preloaded=cmssbx10 at 14.4pt
\font\preloaded=manfnt
14787 words of font info for 50 preloaded fonts
52 hyphenation exceptions
Hyphenation trie of length 20391 has 1230 ops out of 35111
  377 for language 4
  224 for language 3
  224 for language 2
  224 for language 1
  181 for language 0
0 words of pdfTeX memory
0 indirect objects
No pages of output.
Transcript written on pdftex.log.
fmtutil [INFO]: log file copied to: c:/users/hp/appdata/roaming/tinytex/texmf-var/web2c/pdftex/pdftex.log
fmtutil [INFO]: c:/users/hp/appdata/roaming/tinytex/texmf-var/web2c/pdftex/pdftex.fmt installed.
fmtutil [INFO]: --- remaking luatex with luatex
fmtutil: running `luatex -ini   -jobname=luatex -progname=luatex luatex.ini' ...
This is LuaTeX, Version 1.22.0 (TeX Live 2025)  (INITEX)
 restricted system commands enabled.
(c:/Users/hp/AppData/Roaming/TinyTeX/texmf-dist/tex/generic/tex-ini-files/luatex.ini (c:/Users/hp/AppData/Roaming/TinyTeX/texmf-dist/tex/generic/tex-ini-files/luatexconfig.tex (c:/Users/hp/AppData/Roaming/TinyTeX/texmf-dist/tex/generic/tex-ini-files/pdftexconfig.tex)) (c:/Users/hp/AppData/Roaming/TinyTeX/texmf-dist/tex/generic/tex-ini-files/luatexiniconfig.tex) (c:/Users/hp/AppData/Roaming/TinyTeX/texmf-dist/tex/generic/unicode-data/load-unicode-data.tex 
load-unicode-data.tex v1.19 (2025-09-26)
Reading Unicode data
# UnicodeData-17.0.0.txt
# Modified 2025-09-26 07:00 GMT [JAW]
) (c:/Users/hp/AppData/Roaming/TinyTeX/texmf-dist/tex/luatex/hyph-utf8/etex.src (c:/Users/hp/AppData/Roaming/TinyTeX/texmf-dist/tex/plain/base/plain.tex Preloading the plain format: codes, registers, parameters, fonts, more fonts, macros, math definitions, output routines, hyphenation (c:/Users/hp/AppData/Roaming/TinyTeX/texmf-dist/tex/generic/hyphen/hyphen.tex [skipping from \patterns to end-of-file...])) (c:/Users/hp/AppData/Roaming/TinyTeX/texmf-dist/tex/plain/etex/etexdefs.lib Skipping module "grouptypes"; Loading module "interactionmodes"; Skipping module "nodetypes"; Skipping module "iftypes";) (c:/Users/hp/AppData/Roaming/TinyTeX/texmf-var/tex/generic/config/language.def (c:/Users/hp/AppData/Roaming/TinyTeX/texmf-dist/tex/generic/hyphen/hyphen.tex)) Augmenting the Plain TeX definitions: \tracingall; Adding new e-TeX definitions: \eTeX, \loggingall, \tracingnone, register allocation; extended register allocation; 
Recycling: \addlanguage, \@nswer (not defined), \@sk, \b@dresponsetrue, \b@dresponsefalse, \ch@ckforyn, \mayber@cycle, \et@xabort, \et@xbuf, \et@xfmtsrc, \et@xfilehdr, \et@xinf, \et@xpatterns, \l@ngdefnfile, \n@xt, \p@rse (not defined), \pr@mpt (not defined), \pr@mptloop (not defined), \forcer@cycle, \usef@llback, \usef@llbacktrue, \usef@llbackfalse, 
Retaining: \et@xerr, \et@xinput, \et@xlibhdr, \et@xmsg, \et@xtoks, \et@xwarn, \et@xl@@d, \et@xl@ad, \et@xload, \et@xlang, \et@xhash, \eTeX, \etexhdrchk, \etexstatus, \module, \uselanguage, \r@tain, \r@cycle,))
Beginning to dump on file luatex.fmt
 (format=luatex 2026.1.4)
3409 strings using 10458 bytes
68809 memory locations dumped; current usage is 149&7733
1898 multiletter control sequences
\font\nullfont=nullfont
\font\tenrm=cmr10
\font\preloaded=cmr9
\font\preloaded=cmr8
\font\sevenrm=cmr7
\font\preloaded=cmr6
\font\fiverm=cmr5
\font\teni=cmmi10
\font\preloaded=cmmi9
\font\preloaded=cmmi8
\font\seveni=cmmi7
\font\preloaded=cmmi6
\font\fivei=cmmi5
\font\tensy=cmsy10
\font\preloaded=cmsy9
\font\preloaded=cmsy8
\font\sevensy=cmsy7
\font\preloaded=cmsy6
\font\fivesy=cmsy5
\font\tenex=cmex10
\font\preloaded=cmss10
\font\preloaded=cmssq8
\font\preloaded=cmssi10
\font\preloaded=cmssqi8
\font\tenbf=cmbx10
\font\preloaded=cmbx9
\font\preloaded=cmbx8
\font\sevenbf=cmbx7
\font\preloaded=cmbx6
\font\fivebf=cmbx5
\font\tentt=cmtt10
\font\preloaded=cmtt9
\font\preloaded=cmtt8
\font\preloaded=cmsltt10
\font\tensl=cmsl10
\font\preloaded=cmsl9
\font\preloaded=cmsl8
\font\tenit=cmti10
\font\preloaded=cmti9
\font\preloaded=cmti8
\font\preloaded=cmti7
\font\preloaded=cmu10
\font\preloaded=cmmib10
\font\preloaded=cmbsy10
\font\preloaded=cmcsc10
\font\preloaded=cmssbx10
\font\preloaded=cmdunh10
\font\preloaded=cmr7 at 14.51799pt
\font\preloaded=cmtt10 at 14.4pt
\font\preloaded=cmssbx10 at 14.4pt
\font\preloaded=manfnt
50 preloaded fonts
warning  (pdf backend): no pages of output.
Transcript written on luatex.log.
fmtutil [INFO]: log file copied to: c:/users/hp/appdata/roaming/tinytex/texmf-var/web2c/luatex/luatex.log
fmtutil [INFO]: c:/users/hp/appdata/roaming/tinytex/texmf-var/web2c/luatex/luatex.fmt installed.
fmtutil [INFO]: --- remaking xetex with xetex
fmtutil: running `xetex -ini   -jobname=xetex -progname=xetex -etex xetex.ini' ...
This is XeTeX, Version 3.141592653-2.6-0.999997 (TeX Live 2025) (INITEX)
 restricted \write18 enabled.
entering extended mode
(c:/Users/hp/AppData/Roaming/TinyTeX/texmf-dist/tex/generic/tex-ini-files/xetex.ini
(c:/Users/hp/AppData/Roaming/TinyTeX/texmf-dist/tex/generic/unicode-data/load-unicode-data.tex 
load-unicode-data.tex v1.19 (2025-09-26)
Reading Unicode data
# UnicodeData-17.0.0.txt
# Modified 2025-09-26 07:00 GMT [JAW]
) (c:/Users/hp/AppData/Roaming/TinyTeX/texmf-dist/tex/generic/unicode-data/load-unicode-xetex-classes.tex 
load-unicode-xetex-classes.tex v1.19 (2025-09-26)
Reading Unicode east Asian character class data
# LineBreak-17.0.0.txt 
# Date: 2025-07-29, 13:52:18 GMT 
# EastAsianWidth-17.0.0.txt 
# Date: 2025-07-24, 00:12:54 GMT 
) (c:/Users/hp/AppData/Roaming/TinyTeX/texmf-dist/tex/plain/etex/etex.src (c:/Users/hp/AppData/Roaming/TinyTeX/texmf-dist/tex/plain/base/plain.tex Preloading the plain format: codes, registers, parameters, fonts, more fonts, macros, math definitions, output routines, hyphenation (c:/Users/hp/AppData/Roaming/TinyTeX/texmf-dist/tex/generic/hyphen/hyphen.tex [skipping from \patterns to end-of-file...])) (c:/Users/hp/AppData/Roaming/TinyTeX/texmf-dist/tex/plain/etex/etexdefs.lib Skipping module "grouptypes"; Loading module "interactionmodes"; Skipping module "nodetypes"; Skipping module "iftypes";) (c:/Users/hp/AppData/Roaming/TinyTeX/texmf-var/tex/generic/config/language.def (c:/Users/hp/AppData/Roaming/TinyTeX/texmf-dist/tex/generic/hyphen/hyphen.tex) (c:/Users/hp/AppData/Roaming/TinyTeX/texmf-dist/tex/generic/hyph-utf8/loadhyph/loadhyph-en-gb.tex ASCII Hyphenation patterns for British English (c:/Users/hp/AppData/Roaming/TinyTeX/texmf-dist/tex/generic/hyph-utf8/patterns/tex/hyph-en-gb.tex)) (c:/Users/hp/AppData/Roaming/TinyTeX/texmf-dist/tex/generic/hyph-utf8/loadhyph/loadhyph-en-gb.tex ASCII Hyphenation patterns for British English (c:/Users/hp/AppData/Roaming/TinyTeX/texmf-dist/tex/generic/hyph-utf8/patterns/tex/hyph-en-gb.tex)) (c:/Users/hp/AppData/Roaming/TinyTeX/texmf-dist/tex/generic/hyph-utf8/loadhyph/loadhyph-en-gb.tex ASCII Hyphenation patterns for British English (c:/Users/hp/AppData/Roaming/TinyTeX/texmf-dist/tex/generic/hyph-utf8/patterns/tex/hyph-en-gb.tex)) (c:/Users/hp/AppData/Roaming/TinyTeX/texmf-dist/tex/generic/hyph-utf8/loadhyph/loadhyph-en-us.tex ASCII Hyphenation patterns for American English (c:/Users/hp/AppData/Roaming/TinyTeX/texmf-dist/tex/generic/hyph-utf8/patterns/tex/hyph-en-us.tex))) Augmenting the Plain TeX definitions: \tracingall; Adding new e-TeX definitions: \eTeX, \loggingall, \tracingnone, register allocation; extended register allocation; 
Recycling: \addlanguage, \@nswer (not defined), \@sk, \b@dresponsetrue, \b@dresponsefalse, \ch@ckforyn, \mayber@cycle, \et@xabort, \et@xbuf, \et@xfmtsrc, \et@xfilehdr, \et@xinf, \et@xpatterns, \l@ngdefnfile, \n@xt, \p@rse (not defined), \pr@mpt (not defined), \pr@mptloop (not defined), \forcer@cycle, \usef@llback, \usef@llbacktrue, \usef@llbackfalse, 
Retaining: \et@xerr, \et@xinput, \et@xlibhdr, \et@xmsg, \et@xtoks, \et@xwarn, \et@xl@@d, \et@xl@ad, \et@xload, \et@xlang, \et@xhash, \eTeX, \etexhdrchk, \etexstatus, \module, \uselanguage, \r@tain, \r@cycle,)
 )
Beginning to dump on file xetex.fmt
 (preloaded format=xetex 2026.1.4)
70677 strings of total length 61881
12569 memory locations dumped; current usage is 647&7603
4065 multiletter control sequences
\font\nullfont=nullfont
\font\tenrm=cmr10
\font\sevenrm=cmr7
\font\fiverm=cmr5
\font\teni=cmmi10
\font\seveni=cmmi7
\font\fivei=cmmi5
\font\tensy=cmsy10
\font\sevensy=cmsy7
\font\fivesy=cmsy5
\font\tenex=cmex10
\font\tenbf=cmbx10
\font\sevenbf=cmbx7
\font\fivebf=cmbx5
\font\tentt=cmtt10
\font\tensl=cmsl10
\font\tenit=cmti10
4739 words of font info for 16 preloaded fonts
52 hyphenation exceptions
Hyphenation trie of length 20392 has 1230 ops out of 35111
  377 for language 4
  224 for language 3
  224 for language 2
  224 for language 1
  181 for language 0
No pages of output.
Transcript written on xetex.log.
fmtutil [INFO]: log file copied to: c:/users/hp/appdata/roaming/tinytex/texmf-var/web2c/xetex/xetex.log
fmtutil [INFO]: c:/users/hp/appdata/roaming/tinytex/texmf-var/web2c/xetex/xetex.fmt installed.
fmtutil [INFO]: --- remaking etex with pdftex
fmtutil: running `pdftex -ini   -jobname=etex -progname=etex -translate-file=cp227.tcx *etex.ini' ...
This is pdfTeX, Version 3.141592653-2.6-1.40.28 (TeX Live 2025) (INITEX)
 restricted \write18 enabled.
 (c:/Users/hp/AppData/Roaming/TinyTeX/texmf-dist/web2c/cp227.tcx)
entering extended mode
(c:/Users/hp/AppData/Roaming/TinyTeX/texmf-dist/tex/plain/config/etex.ini (c:/Users/hp/AppData/Roaming/TinyTeX/texmf-dist/tex/plain/etex/etex.src (c:/Users/hp/AppData/Roaming/TinyTeX/texmf-dist/tex/plain/base/plain.tex Preloading the plain format: codes, registers, parameters, fonts, more fonts, macros, math definitions, output routines, hyphenation (c:/Users/hp/AppData/Roaming/TinyTeX/texmf-dist/tex/generic/hyphen/hyphen.tex [skipping from \patterns to end-of-file...])) (c:/Users/hp/AppData/Roaming/TinyTeX/texmf-dist/tex/plain/etex/etexdefs.lib Skipping module "grouptypes"; Loading module "interactionmodes"; Skipping module "nodetypes"; Skipping module "iftypes";) (c:/Users/hp/AppData/Roaming/TinyTeX/texmf-var/tex/generic/config/language.def (c:/Users/hp/AppData/Roaming/TinyTeX/texmf-dist/tex/generic/hyphen/hyphen.tex) (c:/Users/hp/AppData/Roaming/TinyTeX/texmf-dist/tex/generic/hyph-utf8/loadhyph/loadhyph-en-gb.tex ASCII Hyphenation patterns for British English (c:/Users/hp/AppData/Roaming/TinyTeX/texmf-dist/tex/generic/hyph-utf8/patterns/tex/hyph-en-gb.tex)) (c:/Users/hp/AppData/Roaming/TinyTeX/texmf-dist/tex/generic/hyph-utf8/loadhyph/loadhyph-en-gb.tex ASCII Hyphenation patterns for British English (c:/Users/hp/AppData/Roaming/TinyTeX/texmf-dist/tex/generic/hyph-utf8/patterns/tex/hyph-en-gb.tex)) (c:/Users/hp/AppData/Roaming/TinyTeX/texmf-dist/tex/generic/hyph-utf8/loadhyph/loadhyph-en-gb.tex ASCII Hyphenation patterns for British English (c:/Users/hp/AppData/Roaming/TinyTeX/texmf-dist/tex/generic/hyph-utf8/patterns/tex/hyph-en-gb.tex)) (c:/Users/hp/AppData/Roaming/TinyTeX/texmf-dist/tex/generic/hyph-utf8/loadhyph/loadhyph-en-us.tex ASCII Hyphenation patterns for American English (c:/Users/hp/AppData/Roaming/TinyTeX/texmf-dist/tex/generic/hyph-utf8/patterns/tex/hyph-en-us.tex))) Augmenting the Plain TeX definitions: \tracingall; Adding new e-TeX definitions: \eTeX, \loggingall, \tracingnone, register allocation; extended register allocation; 
Recycling: \addlanguage, \@nswer (not defined), \@sk, \b@dresponsetrue, \b@dresponsefalse, \ch@ckforyn, \mayber@cycle, \et@xabort, \et@xbuf, \et@xfmtsrc, \et@xfilehdr, \et@xinf, \et@xpatterns, \l@ngdefnfile, \n@xt, \p@rse (not defined), \pr@mpt (not defined), \pr@mptloop (not defined), \forcer@cycle, \usef@llback, \usef@llbacktrue, \usef@llbackfalse, 
Retaining: \et@xerr, \et@xinput, \et@xlibhdr, \et@xmsg, \et@xtoks, \et@xwarn, \et@xl@@d, \et@xl@ad, \et@xload, \et@xlang, \et@xhash, \eTeX, \etexhdrchk, \etexstatus, \module, \uselanguage, \r@tain, \r@cycle,) )
Beginning to dump on file etex.fmt
 (preloaded format=etex 2026.1.4)
2994 strings of total length 46088
8069 memory locations dumped; current usage is 203&7399
1287 multiletter control sequences
\font\nullfont=nullfont
\font\tenrm=cmr10
\font\preloaded=cmr9
\font\preloaded=cmr8
\font\sevenrm=cmr7
\font\preloaded=cmr6
\font\fiverm=cmr5
\font\teni=cmmi10
\font\preloaded=cmmi9
\font\preloaded=cmmi8
\font\seveni=cmmi7
\font\preloaded=cmmi6
\font\fivei=cmmi5
\font\tensy=cmsy10
\font\preloaded=cmsy9
\font\preloaded=cmsy8
\font\sevensy=cmsy7
\font\preloaded=cmsy6
\font\fivesy=cmsy5
\font\tenex=cmex10
\font\preloaded=cmss10
\font\preloaded=cmssq8
\font\preloaded=cmssi10
\font\preloaded=cmssqi8
\font\tenbf=cmbx10
\font\preloaded=cmbx9
\font\preloaded=cmbx8
\font\sevenbf=cmbx7
\font\preloaded=cmbx6
\font\fivebf=cmbx5
\font\tentt=cmtt10
\font\preloaded=cmtt9
\font\preloaded=cmtt8
\font\preloaded=cmsltt10
\font\tensl=cmsl10
\font\preloaded=cmsl9
\font\preloaded=cmsl8
\font\tenit=cmti10
\font\preloaded=cmti9
\font\preloaded=cmti8
\font\preloaded=cmti7
\font\preloaded=cmu10
\font\preloaded=cmmib10
\font\preloaded=cmbsy10
\font\preloaded=cmcsc10
\font\preloaded=cmssbx10
\font\preloaded=cmdunh10
\font\preloaded=cmr7 at 14.51799pt
\font\preloaded=cmtt10 at 14.4pt
\font\preloaded=cmssbx10 at 14.4pt
\font\preloaded=manfnt
14787 words of font info for 50 preloaded fonts
52 hyphenation exceptions
Hyphenation trie of length 20391 has 1230 ops out of 35111
  377 for language 4
  224 for language 3
  224 for language 2
  224 for language 1
  181 for language 0
0 words of pdfTeX memory
0 indirect objects
No pages of output.
Transcript written on etex.log.
fmtutil [INFO]: log file copied to: c:/users/hp/appdata/roaming/tinytex/texmf-var/web2c/pdftex/etex.log
fmtutil [INFO]: c:/users/hp/appdata/roaming/tinytex/texmf-var/web2c/pdftex/etex.fmt installed.
fmtutil [INFO]: --- remaking dviluatex with luatex
fmtutil: running `luatex -ini   -jobname=dviluatex -progname=dviluatex dviluatex.ini' ...
This is LuaTeX, Version 1.22.0 (TeX Live 2025)  (INITEX)
 restricted system commands enabled.
(c:/Users/hp/AppData/Roaming/TinyTeX/texmf-dist/tex/generic/tex-ini-files/dviluatex.ini (c:/Users/hp/AppData/Roaming/TinyTeX/texmf-dist/tex/generic/tex-ini-files/luatex.ini (c:/Users/hp/AppData/Roaming/TinyTeX/texmf-dist/tex/generic/tex-ini-files/luatexconfig.tex (c:/Users/hp/AppData/Roaming/TinyTeX/texmf-dist/tex/generic/tex-ini-files/pdftexconfig.tex)) (c:/Users/hp/AppData/Roaming/TinyTeX/texmf-dist/tex/generic/tex-ini-files/luatexiniconfig.tex) (c:/Users/hp/AppData/Roaming/TinyTeX/texmf-dist/tex/generic/unicode-data/load-unicode-data.tex 
load-unicode-data.tex v1.19 (2025-09-26)
Reading Unicode data
# UnicodeData-17.0.0.txt
# Modified 2025-09-26 07:00 GMT [JAW]
) (c:/Users/hp/AppData/Roaming/TinyTeX/texmf-dist/tex/luatex/hyph-utf8/etex.src (c:/Users/hp/AppData/Roaming/TinyTeX/texmf-dist/tex/plain/base/plain.tex Preloading the plain format: codes, registers, parameters, fonts, more fonts, macros, math definitions, output routines, hyphenation (c:/Users/hp/AppData/Roaming/TinyTeX/texmf-dist/tex/generic/hyphen/hyphen.tex [skipping from \patterns to end-of-file...])) (c:/Users/hp/AppData/Roaming/TinyTeX/texmf-dist/tex/plain/etex/etexdefs.lib Skipping module "grouptypes"; Loading module "interactionmodes"; Skipping module "nodetypes"; Skipping module "iftypes";) (c:/Users/hp/AppData/Roaming/TinyTeX/texmf-var/tex/generic/config/language.def (c:/Users/hp/AppData/Roaming/TinyTeX/texmf-dist/tex/generic/hyphen/hyphen.tex)) Augmenting the Plain TeX definitions: \tracingall; Adding new e-TeX definitions: \eTeX, \loggingall, \tracingnone, register allocation; extended register allocation; 
Recycling: \addlanguage, \@nswer (not defined), \@sk, \b@dresponsetrue, \b@dresponsefalse, \ch@ckforyn, \mayber@cycle, \et@xabort, \et@xbuf, \et@xfmtsrc, \et@xfilehdr, \et@xinf, \et@xpatterns, \l@ngdefnfile, \n@xt, \p@rse (not defined), \pr@mpt (not defined), \pr@mptloop (not defined), \forcer@cycle, \usef@llback, \usef@llbacktrue, \usef@llbackfalse, 
Retaining: \et@xerr, \et@xinput, \et@xlibhdr, \et@xmsg, \et@xtoks, \et@xwarn, \et@xl@@d, \et@xl@ad, \et@xload, \et@xlang, \et@xhash, \eTeX, \etexhdrchk, \etexstatus, \module, \uselanguage, \r@tain, \r@cycle,)))
Beginning to dump on file dviluatex.fmt
 (format=dviluatex 2026.1.4)
3414 strings using 10477 bytes
68809 memory locations dumped; current usage is 149&7733
1898 multiletter control sequences
\font\nullfont=nullfont
\font\tenrm=cmr10
\font\preloaded=cmr9
\font\preloaded=cmr8
\font\sevenrm=cmr7
\font\preloaded=cmr6
\font\fiverm=cmr5
\font\teni=cmmi10
\font\preloaded=cmmi9
\font\preloaded=cmmi8
\font\seveni=cmmi7
\font\preloaded=cmmi6
\font\fivei=cmmi5
\font\tensy=cmsy10
\font\preloaded=cmsy9
\font\preloaded=cmsy8
\font\sevensy=cmsy7
\font\preloaded=cmsy6
\font\fivesy=cmsy5
\font\tenex=cmex10
\font\preloaded=cmss10
\font\preloaded=cmssq8
\font\preloaded=cmssi10
\font\preloaded=cmssqi8
\font\tenbf=cmbx10
\font\preloaded=cmbx9
\font\preloaded=cmbx8
\font\sevenbf=cmbx7
\font\preloaded=cmbx6
\font\fivebf=cmbx5
\font\tentt=cmtt10
\font\preloaded=cmtt9
\font\preloaded=cmtt8
\font\preloaded=cmsltt10
\font\tensl=cmsl10
\font\preloaded=cmsl9
\font\preloaded=cmsl8
\font\tenit=cmti10
\font\preloaded=cmti9
\font\preloaded=cmti8
\font\preloaded=cmti7
\font\preloaded=cmu10
\font\preloaded=cmmib10
\font\preloaded=cmbsy10
\font\preloaded=cmcsc10
\font\preloaded=cmssbx10
\font\preloaded=cmdunh10
\font\preloaded=cmr7 at 14.51799pt
\font\preloaded=cmtt10 at 14.4pt
\font\preloaded=cmssbx10 at 14.4pt
\font\preloaded=manfnt
50 preloaded fonts
No pages of output.
Transcript written on dviluatex.log.
fmtutil [INFO]: log file copied to: c:/users/hp/appdata/roaming/tinytex/texmf-var/web2c/luatex/dviluatex.log
fmtutil [INFO]: c:/users/hp/appdata/roaming/tinytex/texmf-var/web2c/luatex/dviluatex.fmt installed.
fmtutil [INFO]: --- remaking pdfetex with pdftex
fmtutil: running `pdftex -ini   -jobname=pdfetex -progname=pdfetex -translate-file=cp227.tcx *pdfetex.ini' ...
This is pdfTeX, Version 3.141592653-2.6-1.40.28 (TeX Live 2025) (INITEX)
 restricted \write18 enabled.
 (c:/Users/hp/AppData/Roaming/TinyTeX/texmf-dist/web2c/cp227.tcx)
entering extended mode
(c:/Users/hp/AppData/Roaming/TinyTeX/texmf-dist/tex/plain/config/pdfetex.ini (c:/Users/hp/AppData/Roaming/TinyTeX/texmf-dist/tex/generic/tex-ini-files/pdftexconfig.tex) (c:/Users/hp/AppData/Roaming/TinyTeX/texmf-dist/tex/plain/etex/etex.src (c:/Users/hp/AppData/Roaming/TinyTeX/texmf-dist/tex/plain/base/plain.tex Preloading the plain format: codes, registers, parameters, fonts, more fonts, macros, math definitions, output routines, hyphenation (c:/Users/hp/AppData/Roaming/TinyTeX/texmf-dist/tex/generic/hyphen/hyphen.tex [skipping from \patterns to end-of-file...])) (c:/Users/hp/AppData/Roaming/TinyTeX/texmf-dist/tex/plain/etex/etexdefs.lib Skipping module "grouptypes"; Loading module "interactionmodes"; Skipping module "nodetypes"; Skipping module "iftypes";) (c:/Users/hp/AppData/Roaming/TinyTeX/texmf-var/tex/generic/config/language.def (c:/Users/hp/AppData/Roaming/TinyTeX/texmf-dist/tex/generic/hyphen/hyphen.tex) (c:/Users/hp/AppData/Roaming/TinyTeX/texmf-dist/tex/generic/hyph-utf8/loadhyph/loadhyph-en-gb.tex ASCII Hyphenation patterns for British English (c:/Users/hp/AppData/Roaming/TinyTeX/texmf-dist/tex/generic/hyph-utf8/patterns/tex/hyph-en-gb.tex)) (c:/Users/hp/AppData/Roaming/TinyTeX/texmf-dist/tex/generic/hyph-utf8/loadhyph/loadhyph-en-gb.tex ASCII Hyphenation patterns for British English (c:/Users/hp/AppData/Roaming/TinyTeX/texmf-dist/tex/generic/hyph-utf8/patterns/tex/hyph-en-gb.tex)) (c:/Users/hp/AppData/Roaming/TinyTeX/texmf-dist/tex/generic/hyph-utf8/loadhyph/loadhyph-en-gb.tex ASCII Hyphenation patterns for British English (c:/Users/hp/AppData/Roaming/TinyTeX/texmf-dist/tex/generic/hyph-utf8/patterns/tex/hyph-en-gb.tex)) (c:/Users/hp/AppData/Roaming/TinyTeX/texmf-dist/tex/generic/hyph-utf8/loadhyph/loadhyph-en-us.tex ASCII Hyphenation patterns for American English (c:/Users/hp/AppData/Roaming/TinyTeX/texmf-dist/tex/generic/hyph-utf8/patterns/tex/hyph-en-us.tex))) Augmenting the Plain TeX definitions: \tracingall; Adding new e-TeX definitions: \eTeX, \loggingall, \tracingnone, register allocation; extended register allocation; 
Recycling: \addlanguage, \@nswer (not defined), \@sk, \b@dresponsetrue, \b@dresponsefalse, \ch@ckforyn, \mayber@cycle, \et@xabort, \et@xbuf, \et@xfmtsrc, \et@xfilehdr, \et@xinf, \et@xpatterns, \l@ngdefnfile, \n@xt, \p@rse (not defined), \pr@mpt (not defined), \pr@mptloop (not defined), \forcer@cycle, \usef@llback, \usef@llbacktrue, \usef@llbackfalse, 
Retaining: \et@xerr, \et@xinput, \et@xlibhdr, \et@xmsg, \et@xtoks, \et@xwarn, \et@xl@@d, \et@xl@ad, \et@xload, \et@xlang, \et@xhash, \eTeX, \etexhdrchk, \etexstatus, \module, \uselanguage, \r@tain, \r@cycle,) (c:/Users/hp/AppData/Roaming/TinyTeX/texmf-dist/tex/plain/config/pdftexmagfix.tex) )
Beginning to dump on file pdfetex.fmt
 (preloaded format=pdfetex 2026.1.4)
3004 strings of total length 46574
8069 memory locations dumped; current usage is 203&7430
1289 multiletter control sequences
\font\nullfont=nullfont
\font\tenrm=cmr10
\font\preloaded=cmr9
\font\preloaded=cmr8
\font\sevenrm=cmr7
\font\preloaded=cmr6
\font\fiverm=cmr5
\font\teni=cmmi10
\font\preloaded=cmmi9
\font\preloaded=cmmi8
\font\seveni=cmmi7
\font\preloaded=cmmi6
\font\fivei=cmmi5
\font\tensy=cmsy10
\font\preloaded=cmsy9
\font\preloaded=cmsy8
\font\sevensy=cmsy7
\font\preloaded=cmsy6
\font\fivesy=cmsy5
\font\tenex=cmex10
\font\preloaded=cmss10
\font\preloaded=cmssq8
\font\preloaded=cmssi10
\font\preloaded=cmssqi8
\font\tenbf=cmbx10
\font\preloaded=cmbx9
\font\preloaded=cmbx8
\font\sevenbf=cmbx7
\font\preloaded=cmbx6
\font\fivebf=cmbx5
\font\tentt=cmtt10
\font\preloaded=cmtt9
\font\preloaded=cmtt8
\font\preloaded=cmsltt10
\font\tensl=cmsl10
\font\preloaded=cmsl9
\font\preloaded=cmsl8
\font\tenit=cmti10
\font\preloaded=cmti9
\font\preloaded=cmti8
\font\preloaded=cmti7
\font\preloaded=cmu10
\font\preloaded=cmmib10
\font\preloaded=cmbsy10
\font\preloaded=cmcsc10
\font\preloaded=cmssbx10
\font\preloaded=cmdunh10
\font\preloaded=cmr7 at 14.51799pt
\font\preloaded=cmtt10 at 14.4pt
\font\preloaded=cmssbx10 at 14.4pt
\font\preloaded=manfnt
14787 words of font info for 50 preloaded fonts
52 hyphenation exceptions
Hyphenation trie of length 20391 has 1230 ops out of 35111
  377 for language 4
  224 for language 3
  224 for language 2
  224 for language 1
  181 for language 0
0 words of pdfTeX memory
0 indirect objects
No pages of output.
Transcript written on pdfetex.log.
fmtutil [INFO]: log file copied to: c:/users/hp/appdata/roaming/tinytex/texmf-var/web2c/pdftex/pdfetex.log
fmtutil [INFO]: c:/users/hp/appdata/roaming/tinytex/texmf-var/web2c/pdftex/pdfetex.fmt installed.
fmtutil [INFO]: successfully rebuilt formats: 7
fmtutil [INFO]: not selected formats: 7
fmtutil [INFO]: total formats: 14
fmtutil [INFO]: executable location: c:\Users\hp\AppData\Roaming\TinyTeX\texmf-dist\scripts\texlive\fmtutil.pl
fmtutil [INFO]: exiting with status 0
--end of output of fmtutil-sys --byhyphen "language.def" --no-error-if-no-engine=luametatex,luajithbtex,luajittex,mfluajit --status-file=C:\Users\hp\AppData\Local\Temp\GpC8KH6_sY\szfP_B_pPh.

[Sun Jan  4 21:54:22 2026]   OK: pdflatex.fmt/pdftex xelatex.fmt/xetex dvilualatex.fmt/luatex lualatex.fmt/luahbtex latex.fmt/pdftex luahbtex.fmt/luahbtex pdftex.fmt/pdftex luatex.fmt/luatex xetex.fmt/xetex etex.fmt/pdftex dviluatex.fmt/luatex pdfetex.fmt/pdftex
[Sun Jan  4 21:54:22 2026] running fmtutil-sys --byhyphen "language.dat.lua" --no-error-if-no-engine=luametatex,luajithbtex,luajittex,mfluajit --status-file=C:\Users\hp\AppData\Local\Temp\GpC8KH6_sY\szfP_B_pPh
[Sun Jan  4 21:54:23 2026] success, output:
fmtutil: fmtutil is using the following fmtutil.cnf files (in precedence order):
fmtutil:   c:/users/hp/appdata/roaming/tinytex/texmf-dist/web2c/fmtutil.cnf
fmtutil: fmtutil is using the following fmtutil.cnf file for writing changes:
fmtutil:   c:/users/hp/appdata/roaming/tinytex/texmf-config/web2c/fmtutil.cnf
fmtutil [INFO]: writing formats under c:/users/hp/appdata/roaming/tinytex/texmf-var/web2c
fmtutil [INFO]: Did not find entry for byhyphen=language.dat.lua skipped
fmtutil [INFO]: not selected formats: 14
fmtutil [INFO]: total formats: 14
fmtutil [INFO]: executable location: c:\Users\hp\AppData\Roaming\TinyTeX\texmf-dist\scripts\texlive\fmtutil.pl
fmtutil [INFO]: exiting with status 0
--end of output of fmtutil-sys --byhyphen "language.dat.lua" --no-error-if-no-engine=luametatex,luajithbtex,luajittex,mfluajit --status-file=C:\Users\hp\AppData\Local\Temp\GpC8KH6_sY\szfP_B_pPh.

[Sun Jan  4 21:54:23 2026]   OK: pdflatex.fmt/pdftex xelatex.fmt/xetex dvilualatex.fmt/luatex lualatex.fmt/luahbtex latex.fmt/pdftex luahbtex.fmt/luahbtex pdftex.fmt/pdftex luatex.fmt/luatex xetex.fmt/xetex etex.fmt/pdftex dviluatex.fmt/luatex pdfetex.fmt/pdftex
